[2590][2017-02-17 01:20:12]
[2590][2017-02-17 01:20:12]<Hackmap>: Payallmoney's Map 1.0 ,  base on virgol (4.6) installed.
[2590][2017-02-17 01:20:15]<Hackmap>: Mouse Scroll Map Toggle off.
[2590][2017-02-17 01:20:17]<Hackmap>: Mouse Scroll Map Toggle on.
[2590][2017-02-17 01:20:17]<Hackmap>: Switch Mouse Scroll Mode  2 to 1
[2590][2017-02-17 01:20:21]<Hackmap>: Mouse Scroll Map Toggle off.
[2590][2017-02-17 01:20:25]<Hackmap>: Mouse Scroll Map Toggle on.
[2590][2017-02-17 01:20:25]<Hackmap>: Switch Mouse Scroll Mode  1 to 2
[2590][2017-02-17 01:20:29]<Hackmap>: Switch Mouse Scroll Mode  2 to 1
[2590][2017-02-17 01:20:33]<Hackmap>: Mouse Scroll Map Toggle off.
[2590][2017-02-17 01:20:35]<Hackmap>: Mouse Scroll Map Toggle on.
[2590][2017-02-17 01:20:37]<Hackmap>: Switch Mouse Scroll Mode  1 to 2
[2590][2017-02-17 01:20:47]---EXP gained[0]---
[2590][2017-02-17 01:20:47]---wang(*) exit game---
[2B44][2017-02-17 01:24:06]
[2B44][2017-02-17 01:24:06]<Hackmap>: Payallmoney's Map 1.0 ,  base on virgol (4.6) installed.
[2B44][2017-02-17 01:24:09]<Hackmap>: Mouse Scroll Map Toggle off.
[2B44][2017-02-17 01:24:10]<Hackmap>: Mouse Scroll Map Toggle on.
[2B44][2017-02-17 01:24:11]<Hackmap>: Switch Mouse Scroll Mode  2 to 1
[2B44][2017-02-17 01:24:16]<Hackmap>: Mouse Scroll Map Toggle off.
[2B44][2017-02-17 01:24:19]<Hackmap>: Mouse Scroll Map Toggle on.
[2B44][2017-02-17 01:24:20]<Hackmap>: Switch Mouse Scroll Mode  1 to 2
[2B44][2017-02-17 01:24:28]---EXP gained[0]---
[2B44][2017-02-17 01:24:28]---wang(*) exit game---
[320C][2017-02-17 01:25:04]
[320C][2017-02-17 01:25:04]<Hackmap>: Payallmoney's Map 1.0 ,  base on virgol (4.6) installed.
[320C][2017-02-17 01:25:13]<Hackmap>: Mouse Scroll Map Toggle off.
[320C][2017-02-17 01:25:17]<Hackmap>: Mouse Scroll Map Toggle on.
[320C][2017-02-17 01:25:17]<Hackmap>: Switch Mouse Scroll Mode  2 to 1
[320C][2017-02-17 01:25:41]---EXP gained[4]---
[320C][2017-02-17 01:25:41]---wang(*) exit game---
[2BA0][2017-02-18 00:09:42]---o-rr(*o-driver) enter game[IMPK-BGP] Pay01---
[2BA0][2017-02-18 00:09:42]<Hackmap>: Payallmoney's Map 1.0 ,  base on virgol (4.6) installed.
[2BA0][2017-02-18 00:09:43]IMPK 1.11 Ladder-III Game Server BGP-156
[2BA0][2017-02-18 00:09:43]The World Event enables on this server. The key item is "ZOD Rune".
[2BA0][2017-02-18 00:10:01]---EXP gained[0]---
[2BA0][2017-02-18 00:10:01]---o-rr(*o-driver) exit game---
[2E54][2017-02-18 00:15:57]---o-rr(*o-driver) enter game[IMPK-BGP] Pay01---
[2E54][2017-02-18 00:15:57]<Hackmap>: Payallmoney's Map 1.0 ,  base on virgol (4.6) installed.
[2E54][2017-02-18 00:15:58]IMPK 1.11 Ladder-III Game Server BGP-69
[2E54][2017-02-18 00:15:58]The World Event enables on this server. The key item is "ZOD Rune".
[2E54][2017-02-18 00:16:26]---EXP gained[0]---
[2E54][2017-02-18 00:16:26]---o-rr(*o-driver) exit game---
[17E8][2017-02-18 00:37:22]---o-rr(*o-driver) enter game[IMPK-BGP] Pay01---
[17E8][2017-02-18 00:37:22]<Hackmap>: Payallmoney's Map 1.0 ,  base on virgol (4.6) installed.
[17E8][2017-02-18 00:37:23]IMPK 1.11 Ladder-III Game Server BGP-156
[17E8][2017-02-18 00:37:23]The World Event enables on this server. The key item is "ZOD Rune".
[17E8][2017-02-18 00:37:39]---EXP gained[0]---
[17E8][2017-02-18 00:37:39]---o-rr(*o-driver) exit game---
[43C0][2017-02-24 20:22:13]
[43C0][2017-02-24 20:22:13]<Hackmap>: Payallmoney's Map 1.0 ,  base on virgol (4.6) installed.
[43C0][2017-02-24 20:22:18]---EXP gained[0]---
[43C0][2017-02-24 20:22:18]---wang(*) exit game---
[2320][2017-02-24 20:22:30]
[2320][2017-02-24 20:22:30]<Hackmap>: Payallmoney's Map 1.0 ,  base on virgol (4.6) installed.
[2320][2017-02-24 20:22:34]---EXP gained[0]---
[2320][2017-02-24 20:22:34]---wang(*) exit game---
[29F0][2017-02-24 20:23:26]---o-egbar(*o-egbar) enter game[IMPK-1.11] Pay01---
[29F0][2017-02-24 20:23:26]<Hackmap>: Payallmoney's Map 1.0 ,  base on virgol (4.6) installed.
[29F0][2017-02-24 20:23:27]IMPK 1.11 Ladder-III Game Server CT-39
[29F0][2017-02-24 20:23:27]The World Event enables on this server. The key item is "ZOD Rune".
[29F0][2017-02-24 20:23:30]---EXP gained[0]---
[29F0][2017-02-24 20:23:30]---o-egbar(*o-egbar) exit game---
[26F4][2017-02-24 20:27:19]
[26F4][2017-02-24 20:27:19]<Hackmap>: Payallmoney's Map 1.0 ,  base on virgol (4.6) installed.
[26F4][2017-02-24 20:27:26]---EXP gained[0]---
[26F4][2017-02-24 20:27:26]---wang(*) exit game---
[3A8C][2017-02-24 20:28:20]
[3A8C][2017-02-24 20:28:20]<Hackmap>: Payallmoney's Map 1.0 ,  base on virgol (4.6) installed.
[3A8C][2017-02-24 20:28:34]---EXP gained[0]---
[3A8C][2017-02-24 20:28:34]---wang(*) exit game---
[05F0][2017-02-24 20:28:54]---o-egbar(*o-egbar) enter game[IMPK-1.11] Afwf---
[05F0][2017-02-24 20:28:54]<Hackmap>: Payallmoney's Map 1.0 ,  base on virgol (4.6) installed.
[05F0][2017-02-24 20:28:55]IMPK 1.11 Ladder-III Game Server CT-39
[05F0][2017-02-24 20:28:55]The World Event enables on this server. The key item is "ZOD Rune".
[05F0][2017-02-24 20:28:59]---EXP gained[0]---
[05F0][2017-02-24 20:28:59]---o-egbar(*o-egbar) exit game---
[09D4][2017-02-24 20:30:38]---o-egbar(*o-egbar) enter game[IMPK-1.11] Afwf---
[09D4][2017-02-24 20:30:38]<Hackmap>: Payallmoney's Map 1.0 ,  base on virgol (4.6) installed.
[09D4][2017-02-24 20:30:40]IMPK 1.11 Ladder-III Game Server CT-39
[09D4][2017-02-24 20:30:40]The World Event enables on this server. The key item is "ZOD Rune".
[09D4][2017-02-24 20:30:43]---EXP gained[0]---
[09D4][2017-02-24 20:30:43]---o-egbar(*o-egbar) exit game---
[34D8][2017-02-24 20:31:07]---o-egbar(*o-egbar) enter game[IMPK-1.11] Pay01---
[34D8][2017-02-24 20:31:07]<Hackmap>: Payallmoney's Map 1.0 ,  base on virgol (4.6) installed.
[34D8][2017-02-24 20:31:08]IMPK 1.11 Ladder-III Game Server CT-39
[34D8][2017-02-24 20:31:08]The World Event enables on this server. The key item is "ZOD Rune".
[34D8][2017-02-24 20:31:22]---EXP gained[0]---
[34D8][2017-02-24 20:31:22]---o-egbar(*o-egbar) exit game---
[25E8][2017-02-24 20:33:33]---o-egbar(*o-egbar) enter game[IMPK-1.11] Afwf---
[25E8][2017-02-24 20:33:33]<Hackmap>: Payallmoney's Map 1.0 ,  base on virgol (4.6) installed.
[25E8][2017-02-24 20:33:33]IMPK 1.11 Ladder-III Game Server CT-39
[25E8][2017-02-24 20:33:33]The World Event enables on this server. The key item is "ZOD Rune".
[25E8][2017-02-24 20:33:36]---EXP gained[0]---
[25E8][2017-02-24 20:33:36]---o-egbar(*o-egbar) exit game---
[09A4][2017-02-24 20:44:17]---o-egbar(*o-egbar) enter game[IMPK-1.11] Pay01---
[09A4][2017-02-24 20:44:17]IMPK 1.11 Ladder-III Game Server CT-39
[09A4][2017-02-24 20:44:17]The World Event enables on this server. The key item is "ZOD Rune".
[09A4][2017-02-24 20:44:17]<Hackmap>: Payallmoney's Map 1.0 ,  base on virgol (4.6) installed.
[09A4][2017-02-24 20:44:24]---EXP gained[0]---
[09A4][2017-02-24 20:44:24]---o-egbar(*o-egbar) exit game---
[4444][2017-02-24 20:46:26]---o-egbar(*o-egbar) enter game[IMPK-1.11] Afawf---
[4444][2017-02-24 20:46:26]IMPK 1.11 Ladder-III Game Server CT-39
[4444][2017-02-24 20:46:26]The World Event enables on this server. The key item is "ZOD Rune".
[4444][2017-02-24 20:46:26]<Hackmap>: Payallmoney's Map 1.0 ,  base on virgol (4.6) installed.
[4444][2017-02-24 20:46:34]---EXP gained[0]---
[4444][2017-02-24 20:46:34]---o-egbar(*o-egbar) exit game---
[33F8][2017-02-24 20:47:44]---o-egbar(*o-egbar) enter game[IMPK-1.11] 112---
[33F8][2017-02-24 20:47:44]<Hackmap>: Payallmoney's Map 1.0 ,  base on virgol (4.6) installed.
[33F8][2017-02-24 20:47:44]IMPK 1.11 Ladder-III Game Server CT-39
[33F8][2017-02-24 20:47:44]The World Event enables on this server. The key item is "ZOD Rune".
[33F8][2017-02-24 20:48:04]---EXP gained[0]---
[33F8][2017-02-24 20:48:04]---o-egbar(*o-egbar) exit game---
[3868][2017-02-24 20:50:46]---o-egbar(*o-egbar) enter game[IMPK-1.11] Afwew---
[3868][2017-02-24 20:50:46]<Hackmap>: Payallmoney's Map 1.0 ,  base on virgol (4.6) installed.
[3868][2017-02-24 20:50:47]IMPK 1.11 Ladder-III Game Server CT-39
[3868][2017-02-24 20:50:47]The World Event enables on this server. The key item is "ZOD Rune".
[3868][2017-02-24 20:50:51]---EXP gained[0]---
[3868][2017-02-24 20:50:51]---o-egbar(*o-egbar) exit game---
[0970][2017-02-24 20:57:41]---o-egbar(*o-egbar) enter game[IMPK-1.11] Afsaf---
[0970][2017-02-24 20:57:41]<Hackmap>: Payallmoney's Map 1.0 ,  base on virgol (4.6) installed.
[0970][2017-02-24 20:57:42]IMPK 1.11 Ladder-III Game Server CT-39
[0970][2017-02-24 20:57:42]The World Event enables on this server. The key item is "ZOD Rune".
[0970][2017-02-24 20:57:44]---EXP gained[0]---
[0970][2017-02-24 20:57:44]---o-egbar(*o-egbar) exit game---
[2E60][2017-02-24 21:13:58]---o-egbar(*o-egbar) enter game[IMPK-1.11] Awfwf---
[2E60][2017-02-24 21:13:58]IMPK 1.11 Ladder-III Game Server CT-39
[2E60][2017-02-24 21:13:58]The World Event enables on this server. The key item is "ZOD Rune".
[2E60][2017-02-24 21:13:58]<Hackmap>: Payallmoney's Map 1.0 ,  base on virgol (4.6) installed.
[2E60][2017-02-24 21:14:04]---EXP gained[0]---
[2E60][2017-02-24 21:14:04]---o-egbar(*o-egbar) exit game---
[0E34][2017-02-24 21:14:39]---o-egbar(*o-egbar) enter game[IMPK-1.11] Pay01---
[0E34][2017-02-24 21:14:39]<Hackmap>: Payallmoney's Map 1.0 ,  base on virgol (4.6) installed.
[0E34][2017-02-24 21:14:40]IMPK 1.11 Ladder-III Game Server CT-39
[0E34][2017-02-24 21:14:40]The World Event enables on this server. The key item is "ZOD Rune".
[0E34][2017-02-24 21:14:51]---EXP gained[0]---
[0E34][2017-02-24 21:14:51]---o-egbar(*o-egbar) exit game---
[0E34][2017-02-24 21:14:58]---o-egbar(*o-egbar) enter game[IMPK-1.11] Pay01---
[0E34][2017-02-24 21:14:58]<Hackmap>: Payallmoney's Map 1.0 ,  base on virgol (4.6) installed.
[0E34][2017-02-24 21:15:00]IMPK 1.11 Ladder-III Game Server CT-39
[0E34][2017-02-24 21:15:00]The World Event enables on this server. The key item is "ZOD Rune".
[0E34][2017-02-24 21:15:54]---EXP gained[0]---
[0E34][2017-02-24 21:15:54]---o-egbar(*o-egbar) exit game---
[4784][2017-02-24 21:16:10]
[4784][2017-02-24 21:16:10]<Hackmap>: Payallmoney's Map 1.0 ,  base on virgol (4.6) installed.
[4784][2017-02-24 21:16:14]---EXP gained[0]---
[4784][2017-02-24 21:16:14]---wang(*) exit game---
[4124][2017-02-24 21:16:33]---o-egbar(*o-egbar) enter game[IMPK-1.11] Awf---
[4124][2017-02-24 21:16:33]<Hackmap>: Payallmoney's Map 1.0 ,  base on virgol (4.6) installed.
[4124][2017-02-24 21:16:35]IMPK 1.11 Ladder-III Game Server CT-39
[4124][2017-02-24 21:16:35]The World Event enables on this server. The key item is "ZOD Rune".
[4124][2017-02-24 21:17:21]---EXP gained[0]---
[4124][2017-02-24 21:17:21]---o-egbar(*o-egbar) exit game---
[2058][2017-02-24 21:20:18]---o-egbar(*o-egbar) enter game[IMPK-1.11] Pay01---
[2058][2017-02-24 21:20:18]IMPK 1.11 Ladder-III Game Server CT-39
[2058][2017-02-24 21:20:18]The World Event enables on this server. The key item is "ZOD Rune".
[2058][2017-02-24 21:20:18]<Hackmap>: Payallmoney's Map 1.0 ,  base on virgol (4.6) installed.
[2058][2017-02-24 21:20:57]---EXP gained[0]---
[2058][2017-02-24 21:20:57]---o-egbar(*o-egbar) exit game---
[3C40][2017-03-18 10:11:50]
[3C40][2017-03-18 10:11:50]<Hackmap>: Payallmoney's Map 1.0 ,  base on virgol (4.6) installed.
[3C40][2017-03-18 10:12:38]ot死亡，殺死他的是邪魔之王
[3C40][2017-03-18 10:12:55]---EXP gained[-26702392]---
[3C40][2017-03-18 10:12:55]---ot(*) exit game---
[3C40][2017-03-18 10:13:00]
[3C40][2017-03-18 10:13:00]<Hackmap>: Payallmoney's Map 1.0 ,  base on virgol (4.6) installed.
[3C40][2017-03-18 10:14:05]<Hackmap>: Warning !! Only 0 Townportals Left 
[3C40][2017-03-18 10:14:05]<Hackmap>: Warning !! Only 0 Townportals Left 
[3C40][2017-03-18 10:15:34]---EXP gained[870]---
[3C40][2017-03-18 10:15:34]---ot(*) exit game---
[5C10][2017-03-18 10:15:43]
[5C10][2017-03-18 10:15:43]<Hackmap>: Payallmoney's Map 1.0 ,  base on virgol (4.6) installed.
[5C10][2017-03-18 10:17:07]1111111111111
[5C10][2017-03-18 10:17:07]1111111111111
[5C10][2017-03-18 10:17:07]1111111111111
[5C10][2017-03-18 10:17:07]1111111111111
[5C10][2017-03-18 10:17:07]1111111111111
[5C10][2017-03-18 10:17:07]1111111111111
[5C10][2017-03-18 10:17:07]1111111111111
[5C10][2017-03-18 10:17:08]ot死亡，殺死他的是厄運騎士
[5C10][2017-03-18 10:17:08]1111111111111
[5C10][2017-03-18 10:17:08]1111111111111
[5C10][2017-03-18 10:17:08]1111111111111
[5C10][2017-03-18 10:17:08]1111111111111
[5C10][2017-03-18 10:17:08]1111111111111
[5C10][2017-03-18 10:17:08]1111111111111
[5C10][2017-03-18 10:17:08]1111111111111
[5C10][2017-03-18 10:17:57]1111111111111
[5C10][2017-03-18 10:17:57]1111111111111
[5C10][2017-03-18 10:17:57]1111111111111
[5C10][2017-03-18 10:17:57]1111111111111
[5C10][2017-03-18 10:17:57]1111111111111
[5C10][2017-03-18 10:17:57]1111111111111
[5C10][2017-03-18 10:17:57]1111111111111
[5C10][2017-03-18 10:17:59]1111111111111
[5C10][2017-03-18 10:17:59]1111111111111
[5C10][2017-03-18 10:17:59]1111111111111
[5C10][2017-03-18 10:17:59]1111111111111
[5C10][2017-03-18 10:17:59]1111111111111
[5C10][2017-03-18 10:17:59]1111111111111
[5C10][2017-03-18 10:17:59]1111111111111
[5C10][2017-03-18 10:18:37]1111111111111
[5C10][2017-03-18 10:18:37]1111111111111
[5C10][2017-03-18 10:18:37]1111111111111
[5C10][2017-03-18 10:18:37]1111111111111
[5C10][2017-03-18 10:18:37]1111111111111
[5C10][2017-03-18 10:18:37]1111111111111
[5C10][2017-03-18 10:18:37]1111111111111
[5C10][2017-03-18 10:18:38]1111111111111
[5C10][2017-03-18 10:18:38]1111111111111
[5C10][2017-03-18 10:18:38]1111111111111
[5C10][2017-03-18 10:18:38]1111111111111
[5C10][2017-03-18 10:18:38]1111111111111
[5C10][2017-03-18 10:18:38]1111111111111
[5C10][2017-03-18 10:18:38]1111111111111
[5C10][2017-03-18 10:18:45]1111111111111
[5C10][2017-03-18 10:18:45]1111111111111
[5C10][2017-03-18 10:18:45]1111111111111
[5C10][2017-03-18 10:18:45]1111111111111
[5C10][2017-03-18 10:18:45]1111111111111
[5C10][2017-03-18 10:18:45]1111111111111
[5C10][2017-03-18 10:18:45]1111111111111
[5C10][2017-03-18 10:18:47]1111111111111
[5C10][2017-03-18 10:18:47]1111111111111
[5C10][2017-03-18 10:18:47]1111111111111
[5C10][2017-03-18 10:18:47]1111111111111
[5C10][2017-03-18 10:18:47]1111111111111
[5C10][2017-03-18 10:18:47]1111111111111
[5C10][2017-03-18 10:18:47]1111111111111
[5C10][2017-03-18 10:19:28]1111111111111
[5C10][2017-03-18 10:19:28]1111111111111
[5C10][2017-03-18 10:19:28]1111111111111
[5C10][2017-03-18 10:19:28]1111111111111
[5C10][2017-03-18 10:19:28]1111111111111
[5C10][2017-03-18 10:19:28]1111111111111
[5C10][2017-03-18 10:19:28]1111111111111
[5C10][2017-03-18 10:19:59]1111111111111
[5C10][2017-03-18 10:19:59]1111111111111
[5C10][2017-03-18 10:19:59]1111111111111
[5C10][2017-03-18 10:19:59]1111111111111
[5C10][2017-03-18 10:19:59]1111111111111
[5C10][2017-03-18 10:19:59]1111111111111
[5C10][2017-03-18 10:19:59]1111111111111
[5C10][2017-03-18 10:20:01]1111111111111
[5C10][2017-03-18 10:20:01]1111111111111
[5C10][2017-03-18 10:20:01]1111111111111
[5C10][2017-03-18 10:20:01]1111111111111
[5C10][2017-03-18 10:20:01]1111111111111
[5C10][2017-03-18 10:20:01]1111111111111
[5C10][2017-03-18 10:20:01]1111111111111
[5C10][2017-03-18 10:20:09]1111111111111
[5C10][2017-03-18 10:20:09]1111111111111
[5C10][2017-03-18 10:20:09]1111111111111
[5C10][2017-03-18 10:20:09]1111111111111
[5C10][2017-03-18 10:20:09]1111111111111
[5C10][2017-03-18 10:20:09]1111111111111
[5C10][2017-03-18 10:20:09]1111111111111
[5C10][2017-03-18 10:20:18]1111111111111
[5C10][2017-03-18 10:20:18]1111111111111
[5C10][2017-03-18 10:20:18]1111111111111
[5C10][2017-03-18 10:20:18]1111111111111
[5C10][2017-03-18 10:20:18]1111111111111
[5C10][2017-03-18 10:20:18]1111111111111
[5C10][2017-03-18 10:20:18]1111111111111
[5C10][2017-03-18 10:20:26]1111111111111
[5C10][2017-03-18 10:20:26]1111111111111
[5C10][2017-03-18 10:20:26]1111111111111
[5C10][2017-03-18 10:20:26]1111111111111
[5C10][2017-03-18 10:20:26]1111111111111
[5C10][2017-03-18 10:20:26]1111111111111
[5C10][2017-03-18 10:20:26]1111111111111
[5C10][2017-03-18 10:20:56]<Hackmap>: Show hidden items on.
[5C10][2017-03-18 10:21:12]1111111111111
[5C10][2017-03-18 10:21:12]1111111111111
[5C10][2017-03-18 10:21:12]1111111111111
[5C10][2017-03-18 10:21:12]1111111111111
[5C10][2017-03-18 10:21:12]1111111111111
[5C10][2017-03-18 10:21:12]1111111111111
[5C10][2017-03-18 10:21:12]1111111111111
[5C10][2017-03-18 10:21:15]---EXP gained[-6674407]---
[5C10][2017-03-18 10:21:15]---ot(*) exit game---
[0D98][2017-03-18 10:28:06]
[0D98][2017-03-18 10:28:06]<Hackmap>: Payallmoney's Map 1.0 ,  base on virgol (4.6) installed.
[0D98][2017-03-18 10:29:30] ￍﾣￖﾹﾹﾥﾻ￷ 
[0D98][2017-03-18 10:29:30] ￍﾣￖﾹﾹﾥﾻ￷ 
[0D98][2017-03-18 10:29:30] ￍﾣￖﾹﾹﾥﾻ￷ 
[0D98][2017-03-18 10:29:30] ￍﾣￖﾹﾹﾥﾻ￷ 
[0D98][2017-03-18 10:29:30] ￍﾣￖﾹﾹﾥﾻ￷ 
[0D98][2017-03-18 10:29:30] ￍﾣￖﾹﾹﾥﾻ￷ 
[0D98][2017-03-18 10:29:30] ￍﾣￖﾹﾹﾥﾻ￷ 
[0D98][2017-03-18 10:29:41] ￍﾣￖﾹﾹﾥﾻ￷ 
[0D98][2017-03-18 10:29:41] ￍﾣￖﾹﾹﾥﾻ￷ 
[0D98][2017-03-18 10:29:41] ￍﾣￖﾹﾹﾥﾻ￷ 
[0D98][2017-03-18 10:29:41] ￍﾣￖﾹﾹﾥﾻ￷ 
[0D98][2017-03-18 10:29:41] ￍﾣￖﾹﾹﾥﾻ￷ 
[0D98][2017-03-18 10:29:41] ￍﾣￖﾹﾹﾥﾻ￷ 
[0D98][2017-03-18 10:29:41] ￍﾣￖﾹﾹﾥﾻ￷ 
[0D98][2017-03-18 10:30:11] ￍﾣￖﾹﾹﾥﾻ￷ 
[0D98][2017-03-18 10:30:11] ￍﾣￖﾹﾹﾥﾻ￷ 
[0D98][2017-03-18 10:30:11] ￍﾣￖﾹﾹﾥﾻ￷ 
[0D98][2017-03-18 10:30:11] ￍﾣￖﾹﾹﾥﾻ￷ 
[0D98][2017-03-18 10:30:11] ￍﾣￖﾹﾹﾥﾻ￷ 
[0D98][2017-03-18 10:30:11] ￍﾣￖﾹﾹﾥﾻ￷ 
[0D98][2017-03-18 10:30:11] ￍﾣￖﾹﾹﾥﾻ￷ 
[0D98][2017-03-18 10:30:45] ￍﾣￖﾹﾹﾥﾻ￷ 
[0D98][2017-03-18 10:30:45] ￍﾣￖﾹﾹﾥﾻ￷ 
[0D98][2017-03-18 10:30:45] ￍﾣￖﾹﾹﾥﾻ￷ 
[0D98][2017-03-18 10:30:45] ￍﾣￖﾹﾹﾥﾻ￷ 
[0D98][2017-03-18 10:30:45] ￍﾣￖﾹﾹﾥﾻ￷ 
[0D98][2017-03-18 10:30:45] ￍﾣￖﾹﾹﾥﾻ￷ 
[0D98][2017-03-18 10:30:45] ￍﾣￖﾹﾹﾥﾻ￷ 
[0D98][2017-03-18 10:30:56] ￍﾣￖﾹﾹﾥﾻ￷ 
[0D98][2017-03-18 10:30:56] ￍﾣￖﾹﾹﾥﾻ￷ 
[0D98][2017-03-18 10:30:56] ￍﾣￖﾹﾹﾥﾻ￷ 
[0D98][2017-03-18 10:30:56] ￍﾣￖﾹﾹﾥﾻ￷ 
[0D98][2017-03-18 10:30:56] ￍﾣￖﾹﾹﾥﾻ￷ 
[0D98][2017-03-18 10:30:56] ￍﾣￖﾹﾹﾥﾻ￷ 
[0D98][2017-03-18 10:30:56] ￍﾣￖﾹﾹﾥﾻ￷ 
[0D98][2017-03-18 10:30:59] ￍﾣￖﾹﾹﾥﾻ￷ 
[0D98][2017-03-18 10:30:59] ￍﾣￖﾹﾹﾥﾻ￷ 
[0D98][2017-03-18 10:30:59] ￍﾣￖﾹﾹﾥﾻ￷ 
[0D98][2017-03-18 10:30:59] ￍﾣￖﾹﾹﾥﾻ￷ 
[0D98][2017-03-18 10:30:59] ￍﾣￖﾹﾹﾥﾻ￷ 
[0D98][2017-03-18 10:30:59] ￍﾣￖﾹﾹﾥﾻ￷ 
[0D98][2017-03-18 10:30:59] ￍﾣￖﾹﾹﾥﾻ￷ 
[0D98][2017-03-18 10:31:07] ￍﾣￖﾹﾹﾥﾻ￷ 
[0D98][2017-03-18 10:31:07] ￍﾣￖﾹﾹﾥﾻ￷ 
[0D98][2017-03-18 10:31:07] ￍﾣￖﾹﾹﾥﾻ￷ 
[0D98][2017-03-18 10:31:07] ￍﾣￖﾹﾹﾥﾻ￷ 
[0D98][2017-03-18 10:31:07] ￍﾣￖﾹﾹﾥﾻ￷ 
[0D98][2017-03-18 10:31:07] ￍﾣￖﾹﾹﾥﾻ￷ 
[0D98][2017-03-18 10:31:07] ￍﾣￖﾹﾹﾥﾻ￷ 
[0D98][2017-03-18 10:31:41] ￍﾣￖﾹﾹﾥﾻ￷ 
[0D98][2017-03-18 10:31:41] ￍﾣￖﾹﾹﾥﾻ￷ 
[0D98][2017-03-18 10:31:41] ￍﾣￖﾹﾹﾥﾻ￷ 
[0D98][2017-03-18 10:31:41] ￍﾣￖﾹﾹﾥﾻ￷ 
[0D98][2017-03-18 10:31:41] ￍﾣￖﾹﾹﾥﾻ￷ 
[0D98][2017-03-18 10:31:41] ￍﾣￖﾹﾹﾥﾻ￷ 
[0D98][2017-03-18 10:31:41] ￍﾣￖﾹﾹﾥﾻ￷ 
[0D98][2017-03-18 10:33:50]---EXP gained[669]---
[0D98][2017-03-18 10:33:50]---ot(*) exit game---
[6704][2017-03-18 10:34:01]
[6704][2017-03-18 10:34:01]<Hackmap>: Payallmoney's Map 1.0 ,  base on virgol (4.6) installed.
[6704][2017-03-18 10:34:11] dwUnitType= 
[6704][2017-03-18 10:34:11] dwUnitType= 
[6704][2017-03-18 10:34:11] dwUnitType= 
[6704][2017-03-18 10:34:11] dwUnitType= 
[6704][2017-03-18 10:34:11] dwUnitType= 
[6704][2017-03-18 10:34:11] dwUnitType= 
[6704][2017-03-18 10:34:11] dwUnitType= 
[6704][2017-03-18 10:34:11] dwUnitType= 
[6704][2017-03-18 10:34:11] dwUnitType= 
[6704][2017-03-18 10:34:11] dwUnitType= 
[6704][2017-03-18 10:34:11] dwUnitType= 
[6704][2017-03-18 10:34:11] dwUnitType= 
[6704][2017-03-18 10:34:11] dwUnitType= 
[6704][2017-03-18 10:34:11] dwUnitType= 
[6704][2017-03-18 10:34:11] dwUnitType= 
[6704][2017-03-18 10:34:11] dwUnitType= 
[6704][2017-03-18 10:34:11] dwUnitType= 
[6704][2017-03-18 10:34:12] dwUnitType= 
[6704][2017-03-18 10:34:12] dwUnitType= 
[6704][2017-03-18 10:34:12] dwUnitType= 
[6704][2017-03-18 10:34:12] dwUnitType= 
[6704][2017-03-18 10:34:12] dwUnitType= 
[6704][2017-03-18 10:34:12] dwUnitType= 
[6704][2017-03-18 10:34:12] dwUnitType= 
[6704][2017-03-18 10:34:12] dwUnitType= 
[6704][2017-03-18 10:34:12] dwUnitType= 
[6704][2017-03-18 10:34:12] dwUnitType= 
[6704][2017-03-18 10:34:12] dwUnitType= 
[6704][2017-03-18 10:34:12] dwUnitType= 
[6704][2017-03-18 10:34:12] dwUnitType= 
[6704][2017-03-18 10:34:12] dwUnitType= 
[6704][2017-03-18 10:34:12] dwUnitType= 
[6704][2017-03-18 10:34:12] dwUnitType= 
[6704][2017-03-18 10:34:12] dwUnitType= 
[6704][2017-03-18 10:34:12] dwUnitType= 
[6704][2017-03-18 10:34:12] dwUnitType= 
[6704][2017-03-18 10:34:12] dwUnitType= 
[6704][2017-03-18 10:34:12] dwUnitType= 
[6704][2017-03-18 10:34:12] dwUnitType= 
[6704][2017-03-18 10:34:12] dwUnitType= 
[6704][2017-03-18 10:34:12] dwUnitType= 
[6704][2017-03-18 10:34:12] dwUnitType= 
[6704][2017-03-18 10:34:12] dwUnitType= 
[6704][2017-03-18 10:34:12] dwUnitType= 
[6704][2017-03-18 10:34:12] dwUnitType= 
[6704][2017-03-18 10:34:12] dwUnitType= 
[6704][2017-03-18 10:34:12] dwUnitType= 
[6704][2017-03-18 10:34:12] dwUnitType= 
[6704][2017-03-18 10:34:12] dwUnitType= 
[6704][2017-03-18 10:34:12] dwUnitType= 
[6704][2017-03-18 10:34:12] dwUnitType= 
[6704][2017-03-18 10:34:12] dwUnitType= 
[6704][2017-03-18 10:34:12] dwUnitType= 
[6704][2017-03-18 10:34:12] dwUnitType= 
[6704][2017-03-18 10:34:12] dwUnitType= 
[6704][2017-03-18 10:34:12] dwUnitType= 
[6704][2017-03-18 10:34:12] dwUnitType= 
[6704][2017-03-18 10:34:12] dwUnitType= 
[6704][2017-03-18 10:34:12] dwUnitType= 
[6704][2017-03-18 10:34:12] dwUnitType= 
[6704][2017-03-18 10:34:12] dwUnitType= 
[6704][2017-03-18 10:34:12] dwUnitType= 
[6704][2017-03-18 10:34:12] dwUnitType= 
[6704][2017-03-18 10:34:12] dwUnitType= 
[6704][2017-03-18 10:34:12] dwUnitType= 
[6704][2017-03-18 10:34:12] dwUnitType= 
[6704][2017-03-18 10:34:12] dwUnitType= 
[6704][2017-03-18 10:34:12] dwUnitType= 
[6704][2017-03-18 10:34:12] dwUnitType= 
[6704][2017-03-18 10:34:12] dwUnitType= 
[6704][2017-03-18 10:34:12] dwUnitType= 
[6704][2017-03-18 10:34:12] dwUnitType= 
[6704][2017-03-18 10:34:12] dwUnitType= 
[6704][2017-03-18 10:34:12] dwUnitType= 
[6704][2017-03-18 10:34:12] dwUnitType= 
[6704][2017-03-18 10:34:12] dwUnitType= 
[6704][2017-03-18 10:34:12] dwUnitType= 
[6704][2017-03-18 10:34:12] dwUnitType= 
[6704][2017-03-18 10:34:12] dwUnitType= 
[6704][2017-03-18 10:34:12] dwUnitType= 
[6704][2017-03-18 10:34:12] dwUnitType= 
[6704][2017-03-18 10:34:12] dwUnitType= 
[6704][2017-03-18 10:34:12] dwUnitType= 
[6704][2017-03-18 10:34:12] dwUnitType= 
[6704][2017-03-18 10:34:12] dwUnitType= 
[6704][2017-03-18 10:34:12] dwUnitType= 
[6704][2017-03-18 10:34:12] dwUnitType= 
[6704][2017-03-18 10:34:12] dwUnitType= 
[6704][2017-03-18 10:34:12] dwUnitType= 
[6704][2017-03-18 10:34:12] dwUnitType= 
[6704][2017-03-18 10:34:12] dwUnitType= 
[6704][2017-03-18 10:34:12] dwUnitType= 
[6704][2017-03-18 10:34:12] dwUnitType= 
[6704][2017-03-18 10:34:12] dwUnitType= 
[6704][2017-03-18 10:34:12] dwUnitType= 
[6704][2017-03-18 10:34:12] dwUnitType= 
[6704][2017-03-18 10:34:12] dwUnitType= 
[6704][2017-03-18 10:34:12] dwUnitType= 
[6704][2017-03-18 10:34:12] dwUnitType= 
[6704][2017-03-18 10:34:12] dwUnitType= 
[6704][2017-03-18 10:34:12] dwUnitType= 
[6704][2017-03-18 10:34:12] dwUnitType= 
[6704][2017-03-18 10:34:12] dwUnitType= 
[6704][2017-03-18 10:34:12] dwUnitType= 
[6704][2017-03-18 10:34:12] dwUnitType= 
[6704][2017-03-18 10:34:12] dwUnitType= 
[6704][2017-03-18 10:34:12] dwUnitType= 
[6704][2017-03-18 10:34:12] dwUnitType= 
[6704][2017-03-18 10:34:12] dwUnitType= 
[6704][2017-03-18 10:34:12] dwUnitType= 
[6704][2017-03-18 10:34:12] dwUnitType= 
[6704][2017-03-18 10:34:12] dwUnitType= 
[6704][2017-03-18 10:34:12] dwUnitType= 
[6704][2017-03-18 10:34:12] dwUnitType= 
[6704][2017-03-18 10:34:12] dwUnitType= 
[6704][2017-03-18 10:34:12] dwUnitType= 
[6704][2017-03-18 10:34:12] dwUnitType= 
[6704][2017-03-18 10:34:12] dwUnitType= 
[6704][2017-03-18 10:34:12] dwUnitType= 
[6704][2017-03-18 10:34:12] dwUnitType= 
[6704][2017-03-18 10:34:12] dwUnitType= 
[6704][2017-03-18 10:34:12] dwUnitType= 
[6704][2017-03-18 10:34:12] dwUnitType= 
[6704][2017-03-18 10:34:12] dwUnitType= 
[6704][2017-03-18 10:34:12] dwUnitType= 
[6704][2017-03-18 10:34:12] dwUnitType= 
[6704][2017-03-18 10:34:12] dwUnitType= 
[6704][2017-03-18 10:34:12] dwUnitType= 
[6704][2017-03-18 10:34:12] dwUnitType= 
[6704][2017-03-18 10:34:12] dwUnitType= 
[6704][2017-03-18 10:34:12] dwUnitType= 
[6704][2017-03-18 10:34:12] dwUnitType= 
[6704][2017-03-18 10:34:12] dwUnitType= 
[6704][2017-03-18 10:34:12] dwUnitType= 
[6704][2017-03-18 10:34:12] dwUnitType= 
[6704][2017-03-18 10:34:12] dwUnitType= 
[6704][2017-03-18 10:34:12] dwUnitType= 
[6704][2017-03-18 10:34:12] dwUnitType= 
[6704][2017-03-18 10:34:12] dwUnitType= 
[6704][2017-03-18 10:34:12] dwUnitType= 
[6704][2017-03-18 10:34:12] dwUnitType= 
[6704][2017-03-18 10:34:12] dwUnitType= 
[6704][2017-03-18 10:34:12] dwUnitType= 
[6704][2017-03-18 10:34:12] dwUnitType= 
[6704][2017-03-18 10:34:12] dwUnitType= 
[6704][2017-03-18 10:34:12] dwUnitType= 
[6704][2017-03-18 10:34:12] dwUnitType= 
[6704][2017-03-18 10:34:12] dwUnitType= 
[6704][2017-03-18 10:34:12] dwUnitType= 
[6704][2017-03-18 10:34:12] dwUnitType= 
[6704][2017-03-18 10:34:12] dwUnitType= 
[6704][2017-03-18 10:34:12] dwUnitType= 
[6704][2017-03-18 10:34:12] dwUnitType= 
[6704][2017-03-18 10:34:12] dwUnitType= 
[6704][2017-03-18 10:34:12] dwUnitType= 
[6704][2017-03-18 10:34:12] dwUnitType= 
[6704][2017-03-18 10:34:12] dwUnitType= 
[6704][2017-03-18 10:34:12] dwUnitType= 
[6704][2017-03-18 10:34:12] dwUnitType= 
[6704][2017-03-18 10:34:12] dwUnitType= 
[6704][2017-03-18 10:34:12] dwUnitType= 
[6704][2017-03-18 10:34:12] dwUnitType= 
[6704][2017-03-18 10:34:12] dwUnitType= 
[6704][2017-03-18 10:34:12] dwUnitType= 
[6704][2017-03-18 10:34:12] dwUnitType= 
[6704][2017-03-18 10:34:12] dwUnitType= 
[6704][2017-03-18 10:34:12] dwUnitType= 
[6704][2017-03-18 10:34:12] dwUnitType= 
[6704][2017-03-18 10:34:12] dwUnitType= 
[6704][2017-03-18 10:34:12] dwUnitType= 
[6704][2017-03-18 10:34:12] dwUnitType= 
[6704][2017-03-18 10:34:12] dwUnitType= 
[6704][2017-03-18 10:34:12] dwUnitType= 
[6704][2017-03-18 10:34:12] dwUnitType= 
[6704][2017-03-18 10:34:12] dwUnitType= 
[6704][2017-03-18 10:34:12] dwUnitType= 
[6704][2017-03-18 10:34:12] dwUnitType= 
[6704][2017-03-18 10:34:12] dwUnitType= 
[6704][2017-03-18 10:34:12] dwUnitType= 
[6704][2017-03-18 10:34:12] dwUnitType= 
[6704][2017-03-18 10:34:12] dwUnitType= 
[6704][2017-03-18 10:34:12] dwUnitType= 
[6704][2017-03-18 10:34:12] dwUnitType= 
[6704][2017-03-18 10:34:12] dwUnitType= 
[6704][2017-03-18 10:34:12] dwUnitType= 
[6704][2017-03-18 10:34:12] dwUnitType= 
[6704][2017-03-18 10:34:13] dwUnitType= 
[6704][2017-03-18 10:34:13] dwUnitType= 
[6704][2017-03-18 10:34:13] dwUnitType= 
[6704][2017-03-18 10:34:13] dwUnitType= 
[6704][2017-03-18 10:34:13] dwUnitType= 
[6704][2017-03-18 10:34:13] dwUnitType= 
[6704][2017-03-18 10:34:13] dwUnitType= 
[6704][2017-03-18 10:34:13] dwUnitType= 
[6704][2017-03-18 10:34:13] dwUnitType= 
[6704][2017-03-18 10:34:13] dwUnitType= 
[6704][2017-03-18 10:34:13] dwUnitType= 
[6704][2017-03-18 10:34:13] dwUnitType= 
[6704][2017-03-18 10:34:13] dwUnitType= 
[6704][2017-03-18 10:34:13] dwUnitType= 
[6704][2017-03-18 10:34:13] dwUnitType= 
[6704][2017-03-18 10:34:13] dwUnitType= 
[6704][2017-03-18 10:34:13] dwUnitType= 
[6704][2017-03-18 10:34:13] dwUnitType= 
[6704][2017-03-18 10:34:13] dwUnitType= 
[6704][2017-03-18 10:34:13] dwUnitType= 
[6704][2017-03-18 10:34:13] dwUnitType= 
[6704][2017-03-18 10:34:13] dwUnitType= 
[6704][2017-03-18 10:34:13] dwUnitType= 
[6704][2017-03-18 10:34:13] dwUnitType= 
[6704][2017-03-18 10:34:13] dwUnitType= 
[6704][2017-03-18 10:34:13] dwUnitType= 
[6704][2017-03-18 10:34:13] dwUnitType= 
[6704][2017-03-18 10:34:13] dwUnitType= 
[6704][2017-03-18 10:34:13] dwUnitType= 
[6704][2017-03-18 10:34:13] dwUnitType= 
[6704][2017-03-18 10:34:13] dwUnitType= 
[6704][2017-03-18 10:34:13] dwUnitType= 
[6704][2017-03-18 10:34:13] dwUnitType= 
[6704][2017-03-18 10:34:13] dwUnitType= 
[6704][2017-03-18 10:34:13] dwUnitType= 
[6704][2017-03-18 10:34:13] dwUnitType= 
[6704][2017-03-18 10:34:13] dwUnitType= 
[6704][2017-03-18 10:34:13] dwUnitType= 
[6704][2017-03-18 10:34:13] dwUnitType= 
[6704][2017-03-18 10:34:13] dwUnitType= 
[6704][2017-03-18 10:34:13] dwUnitType= 
[6704][2017-03-18 10:34:13] dwUnitType= 
[6704][2017-03-18 10:34:13] dwUnitType= 
[6704][2017-03-18 10:34:13] dwUnitType= 
[6704][2017-03-18 10:34:13] dwUnitType= 
[6704][2017-03-18 10:34:13] dwUnitType= 
[6704][2017-03-18 10:34:13] dwUnitType= 
[6704][2017-03-18 10:34:13] dwUnitType= 
[6704][2017-03-18 10:34:13] dwUnitType= 
[6704][2017-03-18 10:34:13] dwUnitType= 
[6704][2017-03-18 10:34:13] dwUnitType= 
[6704][2017-03-18 10:34:13] dwUnitType= 
[6704][2017-03-18 10:34:13] dwUnitType= 
[6704][2017-03-18 10:34:13] dwUnitType= 
[6704][2017-03-18 10:34:13] dwUnitType= 
[6704][2017-03-18 10:34:13] dwUnitType= 
[6704][2017-03-18 10:34:13] dwUnitType= 
[6704][2017-03-18 10:34:13] dwUnitType= 
[6704][2017-03-18 10:34:13] dwUnitType= 
[6704][2017-03-18 10:34:13] dwUnitType= 
[6704][2017-03-18 10:34:13] dwUnitType= 
[6704][2017-03-18 10:34:13] dwUnitType= 
[6704][2017-03-18 10:34:13] dwUnitType= 
[6704][2017-03-18 10:34:13] dwUnitType= 
[6704][2017-03-18 10:34:13] dwUnitType= 
[6704][2017-03-18 10:34:13] dwUnitType= 
[6704][2017-03-18 10:34:13] dwUnitType= 
[6704][2017-03-18 10:34:13] dwUnitType= 
[6704][2017-03-18 10:34:13] dwUnitType= 
[6704][2017-03-18 10:34:13] dwUnitType= 
[6704][2017-03-18 10:34:13] dwUnitType= 
[6704][2017-03-18 10:34:13] dwUnitType= 
[6704][2017-03-18 10:34:13] dwUnitType= 
[6704][2017-03-18 10:34:13] dwUnitType= 
[6704][2017-03-18 10:34:13] dwUnitType= 
[6704][2017-03-18 10:34:13] dwUnitType= 
[6704][2017-03-18 10:34:13] dwUnitType= 
[6704][2017-03-18 10:34:13] dwUnitType= 
[6704][2017-03-18 10:34:13] dwUnitType= 
[6704][2017-03-18 10:34:13] dwUnitType= 
[6704][2017-03-18 10:34:13] dwUnitType= 
[6704][2017-03-18 10:34:13] dwUnitType= 
[6704][2017-03-18 10:34:13] dwUnitType= 
[6704][2017-03-18 10:34:13] dwUnitType= 
[6704][2017-03-18 10:34:13] dwUnitType= 
[6704][2017-03-18 10:34:13] dwUnitType= 
[6704][2017-03-18 10:34:13] dwUnitType= 
[6704][2017-03-18 10:34:13] dwUnitType= 
[6704][2017-03-18 10:34:13] dwUnitType= 
[6704][2017-03-18 10:34:13] dwUnitType= 
[6704][2017-03-18 10:34:13] dwUnitType= 
[6704][2017-03-18 10:34:13] dwUnitType= 
[6704][2017-03-18 10:34:13] dwUnitType= 
[6704][2017-03-18 10:34:14] dwUnitType= 
[6704][2017-03-18 10:34:14] dwUnitType= 
[6704][2017-03-18 10:34:14] dwUnitType= 
[6704][2017-03-18 10:34:14] dwUnitType= 
[6704][2017-03-18 10:34:14] dwUnitType= 
[6704][2017-03-18 10:34:14] dwUnitType= 
[6704][2017-03-18 10:34:14] dwUnitType= 
[6704][2017-03-18 10:34:14] dwUnitType= 
[6704][2017-03-18 10:34:14] dwUnitType= 
[6704][2017-03-18 10:34:14] dwUnitType= 
[6704][2017-03-18 10:34:14] dwUnitType= 
[6704][2017-03-18 10:34:14] dwUnitType= 
[6704][2017-03-18 10:34:14] dwUnitType= 
[6704][2017-03-18 10:34:14] dwUnitType= 
[6704][2017-03-18 10:34:14] dwUnitType= 
[6704][2017-03-18 10:34:14] dwUnitType= 
[6704][2017-03-18 10:34:14] dwUnitType= 
[6704][2017-03-18 10:34:14] dwUnitType= 
[6704][2017-03-18 10:34:14] dwUnitType= 
[6704][2017-03-18 10:34:14] dwUnitType= 
[6704][2017-03-18 10:34:14] dwUnitType= 
[6704][2017-03-18 10:34:14] dwUnitType= 
[6704][2017-03-18 10:34:14] dwUnitType= 
[6704][2017-03-18 10:34:14] dwUnitType= 
[6704][2017-03-18 10:34:14] dwUnitType= 
[6704][2017-03-18 10:34:14] dwUnitType= 
[6704][2017-03-18 10:34:14] dwUnitType= 
[6704][2017-03-18 10:34:14] dwUnitType= 
[6704][2017-03-18 10:34:14] dwUnitType= 
[6704][2017-03-18 10:34:14] dwUnitType= 
[6704][2017-03-18 10:34:14] dwUnitType= 
[6704][2017-03-18 10:34:14] dwUnitType= 
[6704][2017-03-18 10:34:14] dwUnitType= 
[6704][2017-03-18 10:34:14] dwUnitType= 
[6704][2017-03-18 10:34:14] dwUnitType= 
[6704][2017-03-18 10:34:14] dwUnitType= 
[6704][2017-03-18 10:34:14] dwUnitType= 
[6704][2017-03-18 10:34:14] dwUnitType= 
[6704][2017-03-18 10:34:14] dwUnitType= 
[6704][2017-03-18 10:34:14] dwUnitType= 
[6704][2017-03-18 10:34:14] dwUnitType= 
[6704][2017-03-18 10:34:14] dwUnitType= 
[6704][2017-03-18 10:34:14] dwUnitType= 
[6704][2017-03-18 10:34:14] dwUnitType= 
[6704][2017-03-18 10:34:14] dwUnitType= 
[6704][2017-03-18 10:34:14] dwUnitType= 
[6704][2017-03-18 10:34:14] dwUnitType= 
[6704][2017-03-18 10:34:14] dwUnitType= 
[6704][2017-03-18 10:34:14] dwUnitType= 
[6704][2017-03-18 10:34:14] dwUnitType= 
[6704][2017-03-18 10:34:14] dwUnitType= 
[6704][2017-03-18 10:34:14] dwUnitType= 
[6704][2017-03-18 10:34:14] dwUnitType= 
[6704][2017-03-18 10:34:14] dwUnitType= 
[6704][2017-03-18 10:34:14] dwUnitType= 
[6704][2017-03-18 10:34:14] dwUnitType= 
[6704][2017-03-18 10:34:14] dwUnitType= 
[6704][2017-03-18 10:34:14] dwUnitType= 
[6704][2017-03-18 10:34:14] dwUnitType= 
[6704][2017-03-18 10:34:14] dwUnitType= 
[6704][2017-03-18 10:34:14] dwUnitType= 
[6704][2017-03-18 10:34:14] dwUnitType= 
[6704][2017-03-18 10:34:14] dwUnitType= 
[6704][2017-03-18 10:34:14] dwUnitType= 
[6704][2017-03-18 10:34:14] dwUnitType= 
[6704][2017-03-18 10:34:14] dwUnitType= 
[6704][2017-03-18 10:34:14] dwUnitType= 
[6704][2017-03-18 10:34:14] dwUnitType= 
[6704][2017-03-18 10:34:14] dwUnitType= 
[6704][2017-03-18 10:34:14] dwUnitType= 
[6704][2017-03-18 10:34:14] dwUnitType= 
[6704][2017-03-18 10:34:14] dwUnitType= 
[6704][2017-03-18 10:34:14] dwUnitType= 
[6704][2017-03-18 10:34:14] dwUnitType= 
[6704][2017-03-18 10:34:14] dwUnitType= 
[6704][2017-03-18 10:34:14] dwUnitType= 
[6704][2017-03-18 10:34:14] dwUnitType= 
[6704][2017-03-18 10:34:14] dwUnitType= 
[6704][2017-03-18 10:34:14] dwUnitType= 
[6704][2017-03-18 10:34:14] dwUnitType= 
[6704][2017-03-18 10:34:14] dwUnitType= 
[6704][2017-03-18 10:34:14] dwUnitType= 
[6704][2017-03-18 10:34:14] dwUnitType= 
[6704][2017-03-18 10:34:14] dwUnitType= 
[6704][2017-03-18 10:34:14] dwUnitType= 
[6704][2017-03-18 10:34:14] dwUnitType= 
[6704][2017-03-18 10:34:14] dwUnitType= 
[6704][2017-03-18 10:34:14] dwUnitType= 
[6704][2017-03-18 10:34:14] dwUnitType= 
[6704][2017-03-18 10:34:14] dwUnitType= 
[6704][2017-03-18 10:34:14] dwUnitType= 
[6704][2017-03-18 10:34:14] dwUnitType= 
[6704][2017-03-18 10:34:14] dwUnitType= 
[6704][2017-03-18 10:34:16] dwUnitType= 
[6704][2017-03-18 10:34:22]---EXP gained[0]---
[6704][2017-03-18 10:34:22]---ot(*) exit game---
[440C][2017-03-18 10:34:32]
[440C][2017-03-18 10:34:32]<Hackmap>: Payallmoney's Map 1.0 ,  base on virgol (4.6) installed.
[440C][2017-03-18 10:34:48] dwUnitType= 0
[440C][2017-03-18 10:34:48] dwUnitType= 0
[440C][2017-03-18 10:34:48] dwUnitType= 0
[440C][2017-03-18 10:34:48] dwUnitType= 0
[440C][2017-03-18 10:34:48] dwUnitType= 0
[440C][2017-03-18 10:34:48] dwUnitType= 0
[440C][2017-03-18 10:34:48] dwUnitType= 0
[440C][2017-03-18 10:34:48] dwUnitType= 0
[440C][2017-03-18 10:34:48] dwUnitType= 0
[440C][2017-03-18 10:34:48] dwUnitType= 0
[440C][2017-03-18 10:34:48] dwUnitType= 0
[440C][2017-03-18 10:34:48] dwUnitType= 0
[440C][2017-03-18 10:34:48] dwUnitType= 0
[440C][2017-03-18 10:34:48] dwUnitType= 0
[440C][2017-03-18 10:34:48] dwUnitType= 0
[440C][2017-03-18 10:34:48] dwUnitType= 0
[440C][2017-03-18 10:34:48] dwUnitType= 0
[440C][2017-03-18 10:34:48] dwUnitType= 0
[440C][2017-03-18 10:34:48] dwUnitType= 0
[440C][2017-03-18 10:34:48] dwUnitType= 0
[440C][2017-03-18 10:34:48] dwUnitType= 0
[440C][2017-03-18 10:34:48] dwUnitType= 0
[440C][2017-03-18 10:34:48] dwUnitType= 0
[440C][2017-03-18 10:34:48] dwUnitType= 0
[440C][2017-03-18 10:34:48] dwUnitType= 0
[440C][2017-03-18 10:34:48] dwUnitType= 0
[440C][2017-03-18 10:34:48] dwUnitType= 0
[440C][2017-03-18 10:34:48] dwUnitType= 0
[440C][2017-03-18 10:34:48] dwUnitType= 0
[440C][2017-03-18 10:34:48] dwUnitType= 0
[440C][2017-03-18 10:34:48] dwUnitType= 0
[440C][2017-03-18 10:34:48] dwUnitType= 0
[440C][2017-03-18 10:34:48] dwUnitType= 0
[440C][2017-03-18 10:34:48] dwUnitType= 0
[440C][2017-03-18 10:34:48] dwUnitType= 0
[440C][2017-03-18 10:34:48] dwUnitType= 0
[440C][2017-03-18 10:34:48] dwUnitType= 0
[440C][2017-03-18 10:34:48] dwUnitType= 0
[440C][2017-03-18 10:34:48] dwUnitType= 0
[440C][2017-03-18 10:34:48] dwUnitType= 0
[440C][2017-03-18 10:34:48] dwUnitType= 0
[440C][2017-03-18 10:34:48] dwUnitType= 0
[440C][2017-03-18 10:34:48] dwUnitType= 0
[440C][2017-03-18 10:34:48] dwUnitType= 0
[440C][2017-03-18 10:34:48] dwUnitType= 0
[440C][2017-03-18 10:34:48] dwUnitType= 0
[440C][2017-03-18 10:34:48] dwUnitType= 0
[440C][2017-03-18 10:34:48] dwUnitType= 0
[440C][2017-03-18 10:34:48] dwUnitType= 0
[440C][2017-03-18 10:34:48] dwUnitType= 0
[440C][2017-03-18 10:34:48] dwUnitType= 0
[440C][2017-03-18 10:34:48] dwUnitType= 0
[440C][2017-03-18 10:34:48] dwUnitType= 0
[440C][2017-03-18 10:34:48] dwUnitType= 0
[440C][2017-03-18 10:34:48] dwUnitType= 0
[440C][2017-03-18 10:34:48] dwUnitType= 0
[440C][2017-03-18 10:34:48] dwUnitType= 0
[440C][2017-03-18 10:34:48] dwUnitType= 0
[440C][2017-03-18 10:34:48] dwUnitType= 0
[440C][2017-03-18 10:34:48] dwUnitType= 0
[440C][2017-03-18 10:34:48] dwUnitType= 0
[440C][2017-03-18 10:34:48] dwUnitType= 0
[440C][2017-03-18 10:34:48] dwUnitType= 0
[440C][2017-03-18 10:34:48] dwUnitType= 0
[440C][2017-03-18 10:34:48] dwUnitType= 0
[440C][2017-03-18 10:34:48] dwUnitType= 0
[440C][2017-03-18 10:34:48] dwUnitType= 0
[440C][2017-03-18 10:34:48] dwUnitType= 0
[440C][2017-03-18 10:34:48] dwUnitType= 0
[440C][2017-03-18 10:34:48] dwUnitType= 0
[440C][2017-03-18 10:34:48] dwUnitType= 0
[440C][2017-03-18 10:34:48] dwUnitType= 0
[440C][2017-03-18 10:34:48] dwUnitType= 0
[440C][2017-03-18 10:34:48] dwUnitType= 0
[440C][2017-03-18 10:34:48] dwUnitType= 0
[440C][2017-03-18 10:34:48] dwUnitType= 0
[440C][2017-03-18 10:34:48] dwUnitType= 0
[440C][2017-03-18 10:34:48] dwUnitType= 0
[440C][2017-03-18 10:34:48] dwUnitType= 0
[440C][2017-03-18 10:34:48] dwUnitType= 0
[440C][2017-03-18 10:34:48] dwUnitType= 0
[440C][2017-03-18 10:34:48] dwUnitType= 0
[440C][2017-03-18 10:34:48] dwUnitType= 0
[440C][2017-03-18 10:34:48] dwUnitType= 0
[440C][2017-03-18 10:34:48] dwUnitType= 0
[440C][2017-03-18 10:34:48] dwUnitType= 0
[440C][2017-03-18 10:34:48] dwUnitType= 0
[440C][2017-03-18 10:34:48] dwUnitType= 0
[440C][2017-03-18 10:34:48] dwUnitType= 0
[440C][2017-03-18 10:34:48] dwUnitType= 0
[440C][2017-03-18 10:34:48] dwUnitType= 0
[440C][2017-03-18 10:34:48] dwUnitType= 0
[440C][2017-03-18 10:34:48] dwUnitType= 0
[440C][2017-03-18 10:34:48] dwUnitType= 0
[440C][2017-03-18 10:34:48] dwUnitType= 0
[440C][2017-03-18 10:34:48] dwUnitType= 0
[440C][2017-03-18 10:34:48] dwUnitType= 0
[440C][2017-03-18 10:34:48] dwUnitType= 0
[440C][2017-03-18 10:34:48] dwUnitType= 0
[440C][2017-03-18 10:34:48] dwUnitType= 0
[440C][2017-03-18 10:34:48] dwUnitType= 0
[440C][2017-03-18 10:34:48] dwUnitType= 0
[440C][2017-03-18 10:34:48] dwUnitType= 0
[440C][2017-03-18 10:34:48] dwUnitType= 0
[440C][2017-03-18 10:34:48] dwUnitType= 0
[440C][2017-03-18 10:34:48] dwUnitType= 0
[440C][2017-03-18 10:34:48] dwUnitType= 0
[440C][2017-03-18 10:34:48] dwUnitType= 0
[440C][2017-03-18 10:34:48] dwUnitType= 0
[440C][2017-03-18 10:34:48] dwUnitType= 0
[440C][2017-03-18 10:34:48] dwUnitType= 0
[440C][2017-03-18 10:34:48] dwUnitType= 0
[440C][2017-03-18 10:34:48] dwUnitType= 0
[440C][2017-03-18 10:34:48] dwUnitType= 0
[440C][2017-03-18 10:34:48] dwUnitType= 0
[440C][2017-03-18 10:34:48] dwUnitType= 0
[440C][2017-03-18 10:34:48] dwUnitType= 0
[440C][2017-03-18 10:34:48] dwUnitType= 0
[440C][2017-03-18 10:34:48] dwUnitType= 0
[440C][2017-03-18 10:34:48] dwUnitType= 0
[440C][2017-03-18 10:34:48] dwUnitType= 0
[440C][2017-03-18 10:34:48] dwUnitType= 0
[440C][2017-03-18 10:34:48] dwUnitType= 0
[440C][2017-03-18 10:34:48] dwUnitType= 0
[440C][2017-03-18 10:34:48] dwUnitType= 0
[440C][2017-03-18 10:34:48] dwUnitType= 0
[440C][2017-03-18 10:34:48] dwUnitType= 0
[440C][2017-03-18 10:34:48] dwUnitType= 0
[440C][2017-03-18 10:34:48] dwUnitType= 0
[440C][2017-03-18 10:34:48] dwUnitType= 0
[440C][2017-03-18 10:34:48] dwUnitType= 0
[440C][2017-03-18 10:34:48] dwUnitType= 0
[440C][2017-03-18 10:34:48] dwUnitType= 0
[440C][2017-03-18 10:34:48] dwUnitType= 0
[440C][2017-03-18 10:34:48] dwUnitType= 0
[440C][2017-03-18 10:34:48] dwUnitType= 0
[440C][2017-03-18 10:34:48] dwUnitType= 0
[440C][2017-03-18 10:34:48] dwUnitType= 0
[440C][2017-03-18 10:34:48] dwUnitType= 0
[440C][2017-03-18 10:34:48] dwUnitType= 0
[440C][2017-03-18 10:34:48] dwUnitType= 0
[440C][2017-03-18 10:34:48] dwUnitType= 0
[440C][2017-03-18 10:34:48] dwUnitType= 0
[440C][2017-03-18 10:34:48] dwUnitType= 0
[440C][2017-03-18 10:34:48] dwUnitType= 0
[440C][2017-03-18 10:34:48] dwUnitType= 0
[440C][2017-03-18 10:34:48] dwUnitType= 0
[440C][2017-03-18 10:34:48] dwUnitType= 0
[440C][2017-03-18 10:34:48] dwUnitType= 0
[440C][2017-03-18 10:34:48] dwUnitType= 0
[440C][2017-03-18 10:34:48] dwUnitType= 0
[440C][2017-03-18 10:34:48] dwUnitType= 0
[440C][2017-03-18 10:34:48] dwUnitType= 0
[440C][2017-03-18 10:34:48] dwUnitType= 0
[440C][2017-03-18 10:34:48] dwUnitType= 0
[440C][2017-03-18 10:34:48] dwUnitType= 0
[440C][2017-03-18 10:34:48] dwUnitType= 0
[440C][2017-03-18 10:34:48] dwUnitType= 0
[440C][2017-03-18 10:34:48] dwUnitType= 0
[440C][2017-03-18 10:34:48] dwUnitType= 0
[440C][2017-03-18 10:34:48] dwUnitType= 0
[440C][2017-03-18 10:34:48] dwUnitType= 0
[440C][2017-03-18 10:34:48] dwUnitType= 0
[440C][2017-03-18 10:34:48] dwUnitType= 0
[440C][2017-03-18 10:34:48] dwUnitType= 0
[440C][2017-03-18 10:34:48] dwUnitType= 0
[440C][2017-03-18 10:34:48] dwUnitType= 0
[440C][2017-03-18 10:34:48] dwUnitType= 0
[440C][2017-03-18 10:34:48] dwUnitType= 0
[440C][2017-03-18 10:34:48] dwUnitType= 0
[440C][2017-03-18 10:34:48] dwUnitType= 0
[440C][2017-03-18 10:34:48] dwUnitType= 0
[440C][2017-03-18 10:34:48] dwUnitType= 0
[440C][2017-03-18 10:34:48] dwUnitType= 0
[440C][2017-03-18 10:34:48] dwUnitType= 0
[440C][2017-03-18 10:34:48] dwUnitType= 0
[440C][2017-03-18 10:34:48] dwUnitType= 0
[440C][2017-03-18 10:34:48] dwUnitType= 0
[440C][2017-03-18 10:34:48] dwUnitType= 0
[440C][2017-03-18 10:34:48] dwUnitType= 0
[440C][2017-03-18 10:34:48] dwUnitType= 0
[440C][2017-03-18 10:34:48] dwUnitType= 0
[440C][2017-03-18 10:34:48] dwUnitType= 0
[440C][2017-03-18 10:34:48] dwUnitType= 0
[440C][2017-03-18 10:34:48] dwUnitType= 0
[440C][2017-03-18 10:34:48] dwUnitType= 0
[440C][2017-03-18 10:34:54] dwUnitType= 0
[440C][2017-03-18 10:34:54] dwUnitType= 0
[440C][2017-03-18 10:34:55] dwUnitType= 0
[440C][2017-03-18 10:34:55] dwUnitType= 0
[440C][2017-03-18 10:34:55] dwUnitType= 0
[440C][2017-03-18 10:34:55] dwUnitType= 0
[440C][2017-03-18 10:34:55] dwUnitType= 0
[440C][2017-03-18 10:34:55] dwUnitType= 0
[440C][2017-03-18 10:34:55] dwUnitType= 0
[440C][2017-03-18 10:34:55] dwUnitType= 0
[440C][2017-03-18 10:34:55] dwUnitType= 0
[440C][2017-03-18 10:34:55] dwUnitType= 0
[440C][2017-03-18 10:34:55] dwUnitType= 0
[440C][2017-03-18 10:34:55] dwUnitType= 0
[440C][2017-03-18 10:34:55] dwUnitType= 0
[440C][2017-03-18 10:34:55] dwUnitType= 0
[440C][2017-03-18 10:34:55] dwUnitType= 0
[440C][2017-03-18 10:34:55] dwUnitType= 0
[440C][2017-03-18 10:34:55] dwUnitType= 0
[440C][2017-03-18 10:34:55] dwUnitType= 0
[440C][2017-03-18 10:34:55] dwUnitType= 0
[440C][2017-03-18 10:34:55] dwUnitType= 0
[440C][2017-03-18 10:34:55] dwUnitType= 0
[440C][2017-03-18 10:34:55] dwUnitType= 0
[440C][2017-03-18 10:34:55] dwUnitType= 0
[440C][2017-03-18 10:34:55] dwUnitType= 0
[440C][2017-03-18 10:34:55] dwUnitType= 0
[440C][2017-03-18 10:34:55] dwUnitType= 0
[440C][2017-03-18 10:34:55] dwUnitType= 0
[440C][2017-03-18 10:34:55] dwUnitType= 0
[440C][2017-03-18 10:34:55] dwUnitType= 0
[440C][2017-03-18 10:34:55] dwUnitType= 0
[440C][2017-03-18 10:34:55] dwUnitType= 0
[440C][2017-03-18 10:34:55] dwUnitType= 0
[440C][2017-03-18 10:34:55] dwUnitType= 0
[440C][2017-03-18 10:34:55] dwUnitType= 0
[440C][2017-03-18 10:34:55] dwUnitType= 0
[440C][2017-03-18 10:34:55] dwUnitType= 0
[440C][2017-03-18 10:34:55] dwUnitType= 0
[440C][2017-03-18 10:34:55] dwUnitType= 0
[440C][2017-03-18 10:34:55] dwUnitType= 0
[440C][2017-03-18 10:34:55] dwUnitType= 0
[440C][2017-03-18 10:34:55] dwUnitType= 0
[440C][2017-03-18 10:34:55] dwUnitType= 0
[440C][2017-03-18 10:34:55] dwUnitType= 0
[440C][2017-03-18 10:34:55] dwUnitType= 0
[440C][2017-03-18 10:34:55] dwUnitType= 0
[440C][2017-03-18 10:34:55] dwUnitType= 0
[440C][2017-03-18 10:34:55] dwUnitType= 0
[440C][2017-03-18 10:34:55] dwUnitType= 0
[440C][2017-03-18 10:34:55] dwUnitType= 0
[440C][2017-03-18 10:34:55] dwUnitType= 0
[440C][2017-03-18 10:34:55] dwUnitType= 0
[440C][2017-03-18 10:34:55] dwUnitType= 0
[440C][2017-03-18 10:34:55] dwUnitType= 0
[440C][2017-03-18 10:34:55] dwUnitType= 0
[440C][2017-03-18 10:34:55] dwUnitType= 0
[440C][2017-03-18 10:34:55] dwUnitType= 0
[440C][2017-03-18 10:34:55] dwUnitType= 0
[440C][2017-03-18 10:34:55] dwUnitType= 0
[440C][2017-03-18 10:34:55] dwUnitType= 0
[440C][2017-03-18 10:34:55] dwUnitType= 0
[440C][2017-03-18 10:34:55] dwUnitType= 0
[440C][2017-03-18 10:34:55] dwUnitType= 0
[440C][2017-03-18 10:34:55] dwUnitType= 0
[440C][2017-03-18 10:34:55] dwUnitType= 0
[440C][2017-03-18 10:34:55] dwUnitType= 0
[440C][2017-03-18 10:34:55] dwUnitType= 0
[440C][2017-03-18 10:34:55] dwUnitType= 0
[440C][2017-03-18 10:34:55] dwUnitType= 0
[440C][2017-03-18 10:34:55] dwUnitType= 0
[440C][2017-03-18 10:34:55] dwUnitType= 0
[440C][2017-03-18 10:34:55] dwUnitType= 0
[440C][2017-03-18 10:34:55] dwUnitType= 0
[440C][2017-03-18 10:34:55] dwUnitType= 0
[440C][2017-03-18 10:34:55] dwUnitType= 0
[440C][2017-03-18 10:34:55] dwUnitType= 0
[440C][2017-03-18 10:34:55] dwUnitType= 0
[440C][2017-03-18 10:34:55] dwUnitType= 0
[440C][2017-03-18 10:34:55] dwUnitType= 0
[440C][2017-03-18 10:34:55] dwUnitType= 0
[440C][2017-03-18 10:34:55] dwUnitType= 0
[440C][2017-03-18 10:34:55] dwUnitType= 0
[440C][2017-03-18 10:34:55] dwUnitType= 0
[440C][2017-03-18 10:34:55] dwUnitType= 0
[440C][2017-03-18 10:34:55] dwUnitType= 0
[440C][2017-03-18 10:34:55] dwUnitType= 0
[440C][2017-03-18 10:34:55] dwUnitType= 0
[440C][2017-03-18 10:34:55] dwUnitType= 0
[440C][2017-03-18 10:34:55] dwUnitType= 0
[440C][2017-03-18 10:34:55] dwUnitType= 0
[440C][2017-03-18 10:34:55] dwUnitType= 0
[440C][2017-03-18 10:34:55] dwUnitType= 0
[440C][2017-03-18 10:34:55] dwUnitType= 0
[440C][2017-03-18 10:34:55] dwUnitType= 0
[440C][2017-03-18 10:34:55] dwUnitType= 0
[440C][2017-03-18 10:34:55] dwUnitType= 0
[440C][2017-03-18 10:34:56] dwUnitType= 0
[440C][2017-03-18 10:34:56] dwUnitType= 0
[440C][2017-03-18 10:34:56] dwUnitType= 0
[440C][2017-03-18 10:34:56] dwUnitType= 0
[440C][2017-03-18 10:34:56] dwUnitType= 0
[440C][2017-03-18 10:34:56] dwUnitType= 0
[440C][2017-03-18 10:34:56] dwUnitType= 0
[440C][2017-03-18 10:34:56] dwUnitType= 0
[440C][2017-03-18 10:34:56] dwUnitType= 0
[440C][2017-03-18 10:34:56] dwUnitType= 0
[440C][2017-03-18 10:34:56] dwUnitType= 0
[440C][2017-03-18 10:34:56] dwUnitType= 0
[440C][2017-03-18 10:34:56] dwUnitType= 0
[440C][2017-03-18 10:34:56] dwUnitType= 0
[440C][2017-03-18 10:34:56] dwUnitType= 0
[440C][2017-03-18 10:34:56] dwUnitType= 0
[440C][2017-03-18 10:34:56] dwUnitType= 0
[440C][2017-03-18 10:34:56] dwUnitType= 0
[440C][2017-03-18 10:34:56] dwUnitType= 0
[440C][2017-03-18 10:34:56] dwUnitType= 0
[440C][2017-03-18 10:34:56] dwUnitType= 0
[440C][2017-03-18 10:34:56] dwUnitType= 0
[440C][2017-03-18 10:34:56] dwUnitType= 0
[440C][2017-03-18 10:34:56] dwUnitType= 0
[440C][2017-03-18 10:34:56] dwUnitType= 0
[440C][2017-03-18 10:34:56] dwUnitType= 0
[440C][2017-03-18 10:34:56] dwUnitType= 0
[440C][2017-03-18 10:34:56] dwUnitType= 0
[440C][2017-03-18 10:34:56] dwUnitType= 0
[440C][2017-03-18 10:34:56] dwUnitType= 0
[440C][2017-03-18 10:34:56] dwUnitType= 0
[440C][2017-03-18 10:34:56] dwUnitType= 0
[440C][2017-03-18 10:34:56] dwUnitType= 0
[440C][2017-03-18 10:34:56] dwUnitType= 0
[440C][2017-03-18 10:34:56] dwUnitType= 0
[440C][2017-03-18 10:34:56] dwUnitType= 0
[440C][2017-03-18 10:34:56] dwUnitType= 0
[440C][2017-03-18 10:34:56] dwUnitType= 0
[440C][2017-03-18 10:34:56] dwUnitType= 0
[440C][2017-03-18 10:34:56] dwUnitType= 0
[440C][2017-03-18 10:34:56] dwUnitType= 0
[440C][2017-03-18 10:34:56] dwUnitType= 0
[440C][2017-03-18 10:34:56] dwUnitType= 0
[440C][2017-03-18 10:34:56] dwUnitType= 0
[440C][2017-03-18 10:34:56] dwUnitType= 0
[440C][2017-03-18 10:34:56] dwUnitType= 0
[440C][2017-03-18 10:34:56] dwUnitType= 0
[440C][2017-03-18 10:34:56] dwUnitType= 0
[440C][2017-03-18 10:34:56] dwUnitType= 0
[440C][2017-03-18 10:34:56] dwUnitType= 0
[440C][2017-03-18 10:34:56] dwUnitType= 0
[440C][2017-03-18 10:34:56] dwUnitType= 0
[440C][2017-03-18 10:34:56] dwUnitType= 0
[440C][2017-03-18 10:34:56] dwUnitType= 0
[440C][2017-03-18 10:34:56] dwUnitType= 0
[440C][2017-03-18 10:34:56] dwUnitType= 0
[440C][2017-03-18 10:34:56] dwUnitType= 0
[440C][2017-03-18 10:34:56] dwUnitType= 0
[440C][2017-03-18 10:34:56] dwUnitType= 0
[440C][2017-03-18 10:34:56] dwUnitType= 0
[440C][2017-03-18 10:34:56] dwUnitType= 0
[440C][2017-03-18 10:34:56] dwUnitType= 0
[440C][2017-03-18 10:34:56] dwUnitType= 0
[440C][2017-03-18 10:34:56] dwUnitType= 0
[440C][2017-03-18 10:34:56] dwUnitType= 0
[440C][2017-03-18 10:34:56] dwUnitType= 0
[440C][2017-03-18 10:34:56] dwUnitType= 0
[440C][2017-03-18 10:34:56] dwUnitType= 0
[440C][2017-03-18 10:34:56] dwUnitType= 0
[440C][2017-03-18 10:34:56] dwUnitType= 0
[440C][2017-03-18 10:34:56] dwUnitType= 0
[440C][2017-03-18 10:34:56] dwUnitType= 0
[440C][2017-03-18 10:34:56] dwUnitType= 0
[440C][2017-03-18 10:34:56] dwUnitType= 0
[440C][2017-03-18 10:34:56] dwUnitType= 0
[440C][2017-03-18 10:34:56] dwUnitType= 0
[440C][2017-03-18 10:34:56] dwUnitType= 0
[440C][2017-03-18 10:34:56] dwUnitType= 0
[440C][2017-03-18 10:34:56] dwUnitType= 0
[440C][2017-03-18 10:34:56] dwUnitType= 0
[440C][2017-03-18 10:34:56] dwUnitType= 0
[440C][2017-03-18 10:34:56] dwUnitType= 0
[440C][2017-03-18 10:34:56] dwUnitType= 0
[440C][2017-03-18 10:34:56] dwUnitType= 0
[440C][2017-03-18 10:34:56] dwUnitType= 0
[440C][2017-03-18 10:34:56] dwUnitType= 0
[440C][2017-03-18 10:34:56] dwUnitType= 0
[440C][2017-03-18 10:34:56] dwUnitType= 0
[440C][2017-03-18 10:34:56] dwUnitType= 0
[440C][2017-03-18 10:34:56] dwUnitType= 0
[440C][2017-03-18 10:34:56] dwUnitType= 0
[440C][2017-03-18 10:34:56] dwUnitType= 0
[440C][2017-03-18 10:34:56] dwUnitType= 0
[440C][2017-03-18 10:34:57]---EXP gained[0]---
[440C][2017-03-18 10:34:57]---ot(*) exit game---
[440C][2017-03-18 10:35:03] dwUnitType= 0
[440C][2017-03-18 10:35:03] dwUnitType= 0
[440C][2017-03-18 10:35:03] dwUnitType= 0
[440C][2017-03-18 10:35:03] dwUnitType= 0
[440C][2017-03-18 10:35:03] dwUnitType= 0
[440C][2017-03-18 10:35:03] dwUnitType= 0
[440C][2017-03-18 10:35:03] dwUnitType= 0
[440C][2017-03-18 10:35:03] dwUnitType= 0
[440C][2017-03-18 10:35:03] dwUnitType= 0
[440C][2017-03-18 10:35:03] dwUnitType= 0
[440C][2017-03-18 10:35:03] dwUnitType= 0
[440C][2017-03-18 10:35:03] dwUnitType= 0
[440C][2017-03-18 10:35:03] dwUnitType= 0
[440C][2017-03-18 10:35:03] dwUnitType= 0
[440C][2017-03-18 10:35:03] dwUnitType= 0
[440C][2017-03-18 10:35:03] dwUnitType= 0
[440C][2017-03-18 10:35:03] dwUnitType= 0
[440C][2017-03-18 10:35:03] dwUnitType= 0
[440C][2017-03-18 10:35:03] dwUnitType= 0
[440C][2017-03-18 10:35:03] dwUnitType= 0
[440C][2017-03-18 10:35:03] dwUnitType= 0
[440C][2017-03-18 10:35:03] dwUnitType= 0
[440C][2017-03-18 10:35:03] dwUnitType= 0
[440C][2017-03-18 10:35:03] dwUnitType= 0
[440C][2017-03-18 10:35:03] dwUnitType= 0
[440C][2017-03-18 10:35:03] dwUnitType= 0
[440C][2017-03-18 10:35:03] dwUnitType= 0
[440C][2017-03-18 10:35:03] dwUnitType= 0
[440C][2017-03-18 10:35:03] dwUnitType= 0
[440C][2017-03-18 10:35:03] dwUnitType= 0
[440C][2017-03-18 10:35:03] dwUnitType= 0
[440C][2017-03-18 10:35:03] dwUnitType= 0
[440C][2017-03-18 10:35:03] dwUnitType= 0
[440C][2017-03-18 10:35:03] dwUnitType= 0
[440C][2017-03-18 10:35:03] dwUnitType= 0
[440C][2017-03-18 10:35:03] dwUnitType= 0
[440C][2017-03-18 10:35:03] dwUnitType= 0
[440C][2017-03-18 10:35:03] dwUnitType= 0
[440C][2017-03-18 10:35:03] dwUnitType= 0
[440C][2017-03-18 10:35:03] dwUnitType= 0
[440C][2017-03-18 10:35:03] dwUnitType= 0
[440C][2017-03-18 10:35:03] dwUnitType= 0
[440C][2017-03-18 10:35:03] dwUnitType= 0
[440C][2017-03-18 10:35:03] dwUnitType= 0
[440C][2017-03-18 10:35:03] dwUnitType= 0
[440C][2017-03-18 10:35:03] dwUnitType= 0
[440C][2017-03-18 10:35:03] dwUnitType= 0
[440C][2017-03-18 10:35:03] dwUnitType= 0
[440C][2017-03-18 10:35:03] dwUnitType= 0
[440C][2017-03-18 10:35:03] dwUnitType= 0
[440C][2017-03-18 10:35:03] dwUnitType= 0
[440C][2017-03-18 10:35:03] dwUnitType= 0
[440C][2017-03-18 10:35:03] dwUnitType= 0
[440C][2017-03-18 10:35:03] dwUnitType= 0
[440C][2017-03-18 10:35:03] dwUnitType= 0
[440C][2017-03-18 10:35:03] dwUnitType= 0
[440C][2017-03-18 10:35:03] dwUnitType= 0
[440C][2017-03-18 10:35:03] dwUnitType= 0
[440C][2017-03-18 10:35:03] dwUnitType= 0
[440C][2017-03-18 10:35:03] dwUnitType= 0
[440C][2017-03-18 10:35:03] dwUnitType= 0
[440C][2017-03-18 10:35:03] dwUnitType= 0
[440C][2017-03-18 10:35:03] dwUnitType= 0
[440C][2017-03-18 10:35:03] dwUnitType= 0
[440C][2017-03-18 10:35:03] dwUnitType= 0
[440C][2017-03-18 10:35:03] dwUnitType= 0
[440C][2017-03-18 10:35:03] dwUnitType= 0
[440C][2017-03-18 10:35:03] dwUnitType= 0
[440C][2017-03-18 10:35:03] dwUnitType= 0
[440C][2017-03-18 10:35:03] dwUnitType= 0
[440C][2017-03-18 10:35:03] dwUnitType= 0
[440C][2017-03-18 10:35:03] dwUnitType= 0
[440C][2017-03-18 10:35:03] dwUnitType= 0
[440C][2017-03-18 10:35:03] dwUnitType= 0
[440C][2017-03-18 10:35:03] dwUnitType= 0
[440C][2017-03-18 10:35:03] dwUnitType= 0
[440C][2017-03-18 10:35:03] dwUnitType= 0
[440C][2017-03-18 10:35:03] dwUnitType= 0
[440C][2017-03-18 10:35:03] dwUnitType= 0
[440C][2017-03-18 10:35:03] dwUnitType= 0
[440C][2017-03-18 10:35:03] dwUnitType= 0
[440C][2017-03-18 10:35:03] dwUnitType= 0
[440C][2017-03-18 10:35:03] dwUnitType= 0
[440C][2017-03-18 10:35:03] dwUnitType= 0
[440C][2017-03-18 10:35:03] dwUnitType= 0
[440C][2017-03-18 10:35:03] dwUnitType= 0
[440C][2017-03-18 10:35:03] dwUnitType= 0
[440C][2017-03-18 10:35:03] dwUnitType= 0
[440C][2017-03-18 10:35:03] dwUnitType= 0
[440C][2017-03-18 10:35:03] dwUnitType= 0
[440C][2017-03-18 10:35:03] dwUnitType= 0
[440C][2017-03-18 10:35:03] dwUnitType= 0
[440C][2017-03-18 10:35:03] dwUnitType= 0
[440C][2017-03-18 10:35:03]
[440C][2017-03-18 10:35:03]<Hackmap>: Payallmoney's Map 1.0 ,  base on virgol (4.6) installed.
[440C][2017-03-18 10:35:17] dwUnitType= 0
[440C][2017-03-18 10:35:22]---EXP gained[64]---
[440C][2017-03-18 10:35:22]---tpsor(*) exit game---
[49D4][2017-03-18 10:37:22]
[49D4][2017-03-18 10:37:22]<Hackmap>: Payallmoney's Map 1.0 ,  base on virgol (4.6) installed.
[49D4][2017-03-18 10:37:30] dwOwnerType= 0
[49D4][2017-03-18 10:37:32]---EXP gained[0]---
[49D4][2017-03-18 10:37:32]---tpsor(*) exit game---
[11E4][2017-03-18 10:38:10]
[11E4][2017-03-18 10:38:10]<Hackmap>: Payallmoney's Map 1.0 ,  base on virgol (4.6) installed.
[11E4][2017-03-18 10:38:19] dwMode= 1
[11E4][2017-03-18 10:38:19] dwMode= 1
[11E4][2017-03-18 10:38:19] dwMode= 1
[11E4][2017-03-18 10:38:20] dwMode= 1
[11E4][2017-03-18 10:38:20] dwMode= 1
[11E4][2017-03-18 10:38:20] dwMode= 1
[11E4][2017-03-18 10:38:21] dwMode= 3
[11E4][2017-03-18 10:38:21] dwMode= 3
[11E4][2017-03-18 10:38:21] dwMode= 3
[11E4][2017-03-18 10:38:21] dwMode= 1
[11E4][2017-03-18 10:38:21] dwMode= 1
[11E4][2017-03-18 10:38:21] dwMode= 1
[11E4][2017-03-18 10:38:22]---EXP gained[0]---
[11E4][2017-03-18 10:38:22]---tpsor(*) exit game---
[11E4][2017-03-18 10:38:27] dwMode= 5
[11E4][2017-03-18 10:38:27] dwMode= 5
[11E4][2017-03-18 10:38:27] dwMode= 5
[11E4][2017-03-18 10:38:27] dwMode= 5
[11E4][2017-03-18 10:38:27] dwMode= 5
[11E4][2017-03-18 10:38:27] dwMode= 5
[11E4][2017-03-18 10:38:27] dwMode= 5
[11E4][2017-03-18 10:38:27] dwMode= 5
[11E4][2017-03-18 10:38:27] dwMode= 5
[11E4][2017-03-18 10:38:27] dwMode= 5
[11E4][2017-03-18 10:38:27] dwMode= 5
[11E4][2017-03-18 10:38:27] dwMode= 5
[11E4][2017-03-18 10:38:27] dwMode= 5
[11E4][2017-03-18 10:38:27] dwMode= 5
[11E4][2017-03-18 10:38:27] dwMode= 5
[11E4][2017-03-18 10:38:27] dwMode= 5
[11E4][2017-03-18 10:38:27] dwMode= 5
[11E4][2017-03-18 10:38:27] dwMode= 5
[11E4][2017-03-18 10:38:27] dwMode= 5
[11E4][2017-03-18 10:38:27] dwMode= 5
[11E4][2017-03-18 10:38:27] dwMode= 5
[11E4][2017-03-18 10:38:27] dwMode= 5
[11E4][2017-03-18 10:38:27] dwMode= 5
[11E4][2017-03-18 10:38:27] dwMode= 5
[11E4][2017-03-18 10:38:27] dwMode= 5
[11E4][2017-03-18 10:38:27] dwMode= 5
[11E4][2017-03-18 10:38:27] dwMode= 5
[11E4][2017-03-18 10:38:27] dwMode= 5
[11E4][2017-03-18 10:38:27] dwMode= 5
[11E4][2017-03-18 10:38:27] dwMode= 5
[11E4][2017-03-18 10:38:27] dwMode= 5
[11E4][2017-03-18 10:38:27] dwMode= 5
[11E4][2017-03-18 10:38:27] dwMode= 5
[11E4][2017-03-18 10:38:27] dwMode= 5
[11E4][2017-03-18 10:38:27] dwMode= 5
[11E4][2017-03-18 10:38:27] dwMode= 5
[11E4][2017-03-18 10:38:27] dwMode= 5
[11E4][2017-03-18 10:38:27] dwMode= 5
[11E4][2017-03-18 10:38:27] dwMode= 5
[11E4][2017-03-18 10:38:27] dwMode= 5
[11E4][2017-03-18 10:38:27] dwMode= 5
[11E4][2017-03-18 10:38:27] dwMode= 5
[11E4][2017-03-18 10:38:27] dwMode= 5
[11E4][2017-03-18 10:38:27] dwMode= 5
[11E4][2017-03-18 10:38:27] dwMode= 5
[11E4][2017-03-18 10:38:27] dwMode= 5
[11E4][2017-03-18 10:38:27] dwMode= 5
[11E4][2017-03-18 10:38:27] dwMode= 5
[11E4][2017-03-18 10:38:27] dwMode= 5
[11E4][2017-03-18 10:38:27] dwMode= 5
[11E4][2017-03-18 10:38:27] dwMode= 5
[11E4][2017-03-18 10:38:27] dwMode= 5
[11E4][2017-03-18 10:38:27] dwMode= 5
[11E4][2017-03-18 10:38:27] dwMode= 5
[11E4][2017-03-18 10:38:27] dwMode= 5
[11E4][2017-03-18 10:38:27] dwMode= 5
[11E4][2017-03-18 10:38:27] dwMode= 5
[11E4][2017-03-18 10:38:27] dwMode= 5
[11E4][2017-03-18 10:38:27] dwMode= 5
[11E4][2017-03-18 10:38:27] dwMode= 5
[11E4][2017-03-18 10:38:27] dwMode= 5
[11E4][2017-03-18 10:38:27] dwMode= 5
[11E4][2017-03-18 10:38:27] dwMode= 5
[11E4][2017-03-18 10:38:27] dwMode= 5
[11E4][2017-03-18 10:38:27] dwMode= 5
[11E4][2017-03-18 10:38:27] dwMode= 5
[11E4][2017-03-18 10:38:27] dwMode= 5
[11E4][2017-03-18 10:38:27] dwMode= 5
[11E4][2017-03-18 10:38:27] dwMode= 5
[11E4][2017-03-18 10:38:27] dwMode= 5
[11E4][2017-03-18 10:38:27] dwMode= 5
[11E4][2017-03-18 10:38:27] dwMode= 5
[11E4][2017-03-18 10:38:27] dwMode= 5
[11E4][2017-03-18 10:38:27] dwMode= 5
[11E4][2017-03-18 10:38:27] dwMode= 5
[11E4][2017-03-18 10:38:27] dwMode= 5
[11E4][2017-03-18 10:38:27] dwMode= 5
[11E4][2017-03-18 10:38:27] dwMode= 5
[11E4][2017-03-18 10:38:27] dwMode= 5
[11E4][2017-03-18 10:38:27] dwMode= 5
[11E4][2017-03-18 10:38:27] dwMode= 5
[11E4][2017-03-18 10:38:27] dwMode= 5
[11E4][2017-03-18 10:38:27] dwMode= 5
[11E4][2017-03-18 10:38:27] dwMode= 5
[11E4][2017-03-18 10:38:27] dwMode= 5
[11E4][2017-03-18 10:38:27] dwMode= 5
[11E4][2017-03-18 10:38:27] dwMode= 5
[11E4][2017-03-18 10:38:27] dwMode= 5
[11E4][2017-03-18 10:38:27] dwMode= 5
[11E4][2017-03-18 10:38:27] dwMode= 5
[11E4][2017-03-18 10:38:27] dwMode= 5
[11E4][2017-03-18 10:38:27] dwMode= 5
[11E4][2017-03-18 10:38:27] dwMode= 5
[11E4][2017-03-18 10:38:27] dwMode= 5
[11E4][2017-03-18 10:38:27] dwMode= 5
[11E4][2017-03-18 10:38:27] dwMode= 5
[11E4][2017-03-18 10:38:27] dwMode= 5
[11E4][2017-03-18 10:38:27] dwMode= 5
[11E4][2017-03-18 10:38:27] dwMode= 5
[11E4][2017-03-18 10:38:27] dwMode= 5
[11E4][2017-03-18 10:38:27] dwMode= 5
[11E4][2017-03-18 10:38:27] dwMode= 5
[11E4][2017-03-18 10:38:27] dwMode= 5
[11E4][2017-03-18 10:38:27] dwMode= 5
[11E4][2017-03-18 10:38:27] dwMode= 5
[11E4][2017-03-18 10:38:27] dwMode= 5
[11E4][2017-03-18 10:38:27] dwMode= 5
[11E4][2017-03-18 10:38:27] dwMode= 5
[11E4][2017-03-18 10:38:27] dwMode= 5
[11E4][2017-03-18 10:38:27] dwMode= 5
[11E4][2017-03-18 10:38:27] dwMode= 5
[11E4][2017-03-18 10:38:27] dwMode= 5
[11E4][2017-03-18 10:38:27] dwMode= 5
[11E4][2017-03-18 10:38:27] dwMode= 5
[11E4][2017-03-18 10:38:27] dwMode= 5
[11E4][2017-03-18 10:38:27] dwMode= 5
[11E4][2017-03-18 10:38:27] dwMode= 5
[11E4][2017-03-18 10:38:27] dwMode= 5
[11E4][2017-03-18 10:38:27] dwMode= 5
[11E4][2017-03-18 10:38:27] dwMode= 5
[11E4][2017-03-18 10:38:27] dwMode= 5
[11E4][2017-03-18 10:38:27] dwMode= 5
[11E4][2017-03-18 10:38:27] dwMode= 5
[11E4][2017-03-18 10:38:27] dwMode= 5
[11E4][2017-03-18 10:38:27] dwMode= 5
[11E4][2017-03-18 10:38:27] dwMode= 5
[11E4][2017-03-18 10:38:27] dwMode= 5
[11E4][2017-03-18 10:38:27] dwMode= 5
[11E4][2017-03-18 10:38:27] dwMode= 5
[11E4][2017-03-18 10:38:27] dwMode= 5
[11E4][2017-03-18 10:38:27] dwMode= 5
[11E4][2017-03-18 10:38:27] dwMode= 5
[11E4][2017-03-18 10:38:27] dwMode= 5
[11E4][2017-03-18 10:38:27] dwMode= 5
[11E4][2017-03-18 10:38:27] dwMode= 5
[11E4][2017-03-18 10:38:27] dwMode= 5
[11E4][2017-03-18 10:38:27] dwMode= 5
[11E4][2017-03-18 10:38:27] dwMode= 5
[11E4][2017-03-18 10:38:27] dwMode= 5
[11E4][2017-03-18 10:38:27] dwMode= 5
[11E4][2017-03-18 10:38:27] dwMode= 5
[11E4][2017-03-18 10:38:27] dwMode= 5
[11E4][2017-03-18 10:38:27] dwMode= 5
[11E4][2017-03-18 10:38:27] dwMode= 5
[11E4][2017-03-18 10:38:27] dwMode= 5
[11E4][2017-03-18 10:38:27] dwMode= 5
[11E4][2017-03-18 10:38:27] dwMode= 5
[11E4][2017-03-18 10:38:27] dwMode= 5
[11E4][2017-03-18 10:38:27] dwMode= 5
[11E4][2017-03-18 10:38:27] dwMode= 5
[11E4][2017-03-18 10:38:27] dwMode= 5
[11E4][2017-03-18 10:38:27] dwMode= 5
[11E4][2017-03-18 10:38:27] dwMode= 5
[11E4][2017-03-18 10:38:27] dwMode= 5
[11E4][2017-03-18 10:38:27] dwMode= 5
[11E4][2017-03-18 10:38:27] dwMode= 5
[11E4][2017-03-18 10:38:27] dwMode= 5
[11E4][2017-03-18 10:38:27] dwMode= 5
[11E4][2017-03-18 10:38:27] dwMode= 5
[11E4][2017-03-18 10:38:27] dwMode= 5
[11E4][2017-03-18 10:38:27] dwMode= 5
[11E4][2017-03-18 10:38:27] dwMode= 5
[11E4][2017-03-18 10:38:27] dwMode= 5
[11E4][2017-03-18 10:38:27] dwMode= 5
[11E4][2017-03-18 10:38:27] dwMode= 5
[11E4][2017-03-18 10:38:27] dwMode= 5
[11E4][2017-03-18 10:38:27] dwMode= 5
[11E4][2017-03-18 10:38:27] dwMode= 5
[11E4][2017-03-18 10:38:27] dwMode= 5
[11E4][2017-03-18 10:38:27] dwMode= 5
[11E4][2017-03-18 10:38:27] dwMode= 5
[11E4][2017-03-18 10:38:27] dwMode= 5
[11E4][2017-03-18 10:38:27] dwMode= 5
[11E4][2017-03-18 10:38:27] dwMode= 5
[11E4][2017-03-18 10:38:27] dwMode= 5
[11E4][2017-03-18 10:38:27] dwMode= 5
[11E4][2017-03-18 10:38:27] dwMode= 5
[11E4][2017-03-18 10:38:27] dwMode= 5
[11E4][2017-03-18 10:38:27] dwMode= 5
[11E4][2017-03-18 10:38:27] dwMode= 5
[11E4][2017-03-18 10:38:27] dwMode= 5
[11E4][2017-03-18 10:38:27] dwMode= 5
[11E4][2017-03-18 10:38:27] dwMode= 5
[11E4][2017-03-18 10:38:27] dwMode= 5
[11E4][2017-03-18 10:38:27] dwMode= 5
[11E4][2017-03-18 10:38:27] dwMode= 5
[11E4][2017-03-18 10:38:27] dwMode= 5
[11E4][2017-03-18 10:38:27] dwMode= 5
[11E4][2017-03-18 10:38:27] dwMode= 5
[11E4][2017-03-18 10:38:27] dwMode= 5
[11E4][2017-03-18 10:38:27] dwMode= 5
[11E4][2017-03-18 10:38:27] dwMode= 5
[11E4][2017-03-18 10:38:27] dwMode= 5
[11E4][2017-03-18 10:38:27] dwMode= 5
[11E4][2017-03-18 10:38:27] dwMode= 5
[11E4][2017-03-18 10:38:27] dwMode= 5
[11E4][2017-03-18 10:38:27] dwMode= 5
[11E4][2017-03-18 10:38:27] dwMode= 5
[11E4][2017-03-18 10:38:27] dwMode= 5
[11E4][2017-03-18 10:38:27] dwMode= 5
[11E4][2017-03-18 10:38:27] dwMode= 5
[11E4][2017-03-18 10:38:27] dwMode= 5
[11E4][2017-03-18 10:38:27] dwMode= 5
[11E4][2017-03-18 10:38:27] dwMode= 5
[11E4][2017-03-18 10:38:27] dwMode= 5
[11E4][2017-03-18 10:38:27] dwMode= 5
[11E4][2017-03-18 10:38:27] dwMode= 5
[11E4][2017-03-18 10:38:27] dwMode= 5
[11E4][2017-03-18 10:38:27] dwMode= 5
[11E4][2017-03-18 10:38:27] dwMode= 5
[11E4][2017-03-18 10:38:27] dwMode= 5
[11E4][2017-03-18 10:38:27] dwMode= 5
[11E4][2017-03-18 10:38:27] dwMode= 5
[11E4][2017-03-18 10:38:27] dwMode= 5
[11E4][2017-03-18 10:38:27] dwMode= 5
[11E4][2017-03-18 10:38:27] dwMode= 5
[11E4][2017-03-18 10:38:27] dwMode= 5
[11E4][2017-03-18 10:38:27] dwMode= 5
[11E4][2017-03-18 10:38:27] dwMode= 5
[11E4][2017-03-18 10:38:27] dwMode= 5
[11E4][2017-03-18 10:38:27] dwMode= 5
[11E4][2017-03-18 10:38:27] dwMode= 5
[11E4][2017-03-18 10:38:27] dwMode= 5
[11E4][2017-03-18 10:38:27] dwMode= 5
[11E4][2017-03-18 10:38:27] dwMode= 5
[11E4][2017-03-18 10:38:27] dwMode= 5
[11E4][2017-03-18 10:38:27] dwMode= 5
[11E4][2017-03-18 10:38:27] dwMode= 5
[11E4][2017-03-18 10:38:27] dwMode= 5
[11E4][2017-03-18 10:38:27] dwMode= 5
[11E4][2017-03-18 10:38:27] dwMode= 5
[11E4][2017-03-18 10:38:27] dwMode= 5
[11E4][2017-03-18 10:38:27] dwMode= 5
[11E4][2017-03-18 10:38:27] dwMode= 5
[11E4][2017-03-18 10:38:27] dwMode= 5
[11E4][2017-03-18 10:38:27] dwMode= 5
[11E4][2017-03-18 10:38:27] dwMode= 5
[11E4][2017-03-18 10:38:27] dwMode= 5
[11E4][2017-03-18 10:38:27] dwMode= 5
[11E4][2017-03-18 10:38:27] dwMode= 5
[11E4][2017-03-18 10:38:27] dwMode= 5
[11E4][2017-03-18 10:38:27] dwMode= 5
[11E4][2017-03-18 10:38:27] dwMode= 5
[11E4][2017-03-18 10:38:27] dwMode= 5
[11E4][2017-03-18 10:38:27] dwMode= 5
[11E4][2017-03-18 10:38:27] dwMode= 5
[11E4][2017-03-18 10:38:27] dwMode= 5
[11E4][2017-03-18 10:38:27] dwMode= 5
[11E4][2017-03-18 10:38:27] dwMode= 5
[11E4][2017-03-18 10:38:27] dwMode= 5
[11E4][2017-03-18 10:38:27] dwMode= 5
[11E4][2017-03-18 10:38:27] dwMode= 5
[11E4][2017-03-18 10:38:27] dwMode= 5
[11E4][2017-03-18 10:38:27] dwMode= 5
[11E4][2017-03-18 10:38:27] dwMode= 5
[11E4][2017-03-18 10:38:27] dwMode= 5
[11E4][2017-03-18 10:38:27] dwMode= 5
[11E4][2017-03-18 10:38:27] dwMode= 5
[11E4][2017-03-18 10:38:27] dwMode= 5
[11E4][2017-03-18 10:38:27] dwMode= 5
[11E4][2017-03-18 10:38:27] dwMode= 5
[11E4][2017-03-18 10:38:27] dwMode= 5
[11E4][2017-03-18 10:38:27] dwMode= 5
[11E4][2017-03-18 10:38:27] dwMode= 5
[11E4][2017-03-18 10:38:27] dwMode= 5
[11E4][2017-03-18 10:38:27] dwMode= 5
[11E4][2017-03-18 10:38:27] dwMode= 5
[11E4][2017-03-18 10:38:27] dwMode= 5
[11E4][2017-03-18 10:38:27] dwMode= 5
[11E4][2017-03-18 10:38:27] dwMode= 5
[11E4][2017-03-18 10:38:27] dwMode= 5
[11E4][2017-03-18 10:38:27] dwMode= 5
[11E4][2017-03-18 10:38:27] dwMode= 5
[11E4][2017-03-18 10:38:27] dwMode= 5
[11E4][2017-03-18 10:38:27] dwMode= 5
[11E4][2017-03-18 10:38:27] dwMode= 5
[11E4][2017-03-18 10:38:27] dwMode= 5
[11E4][2017-03-18 10:38:27] dwMode= 5
[11E4][2017-03-18 10:38:27] dwMode= 5
[11E4][2017-03-18 10:38:27] dwMode= 5
[11E4][2017-03-18 10:38:27] dwMode= 5
[11E4][2017-03-18 10:38:27] dwMode= 5
[11E4][2017-03-18 10:38:27] dwMode= 5
[11E4][2017-03-18 10:38:27] dwMode= 5
[11E4][2017-03-18 10:38:27] dwMode= 5
[11E4][2017-03-18 10:38:27] dwMode= 5
[11E4][2017-03-18 10:38:27] dwMode= 5
[11E4][2017-03-18 10:38:27] dwMode= 5
[11E4][2017-03-18 10:38:27] dwMode= 5
[11E4][2017-03-18 10:38:27] dwMode= 5
[11E4][2017-03-18 10:38:27] dwMode= 5
[11E4][2017-03-18 10:38:27] dwMode= 5
[11E4][2017-03-18 10:38:27] dwMode= 5
[11E4][2017-03-18 10:38:27] dwMode= 5
[11E4][2017-03-18 10:38:27] dwMode= 5
[11E4][2017-03-18 10:38:27] dwMode= 5
[11E4][2017-03-18 10:38:27] dwMode= 5
[11E4][2017-03-18 10:38:27] dwMode= 5
[11E4][2017-03-18 10:38:27] dwMode= 5
[11E4][2017-03-18 10:38:27] dwMode= 5
[11E4][2017-03-18 10:38:27] dwMode= 5
[11E4][2017-03-18 10:38:27] dwMode= 5
[11E4][2017-03-18 10:38:27] dwMode= 5
[11E4][2017-03-18 10:38:27] dwMode= 5
[11E4][2017-03-18 10:38:27] dwMode= 5
[11E4][2017-03-18 10:38:27] dwMode= 5
[11E4][2017-03-18 10:38:27] dwMode= 5
[11E4][2017-03-18 10:38:27] dwMode= 5
[11E4][2017-03-18 10:38:27] dwMode= 5
[11E4][2017-03-18 10:38:27] dwMode= 5
[11E4][2017-03-18 10:38:27] dwMode= 5
[11E4][2017-03-18 10:38:27] dwMode= 5
[11E4][2017-03-18 10:38:27] dwMode= 5
[11E4][2017-03-18 10:38:27] dwMode= 5
[11E4][2017-03-18 10:38:27] dwMode= 5
[11E4][2017-03-18 10:38:27] dwMode= 5
[11E4][2017-03-18 10:38:27] dwMode= 5
[11E4][2017-03-18 10:38:27] dwMode= 5
[11E4][2017-03-18 10:38:27] dwMode= 5
[11E4][2017-03-18 10:38:27] dwMode= 5
[11E4][2017-03-18 10:38:27] dwMode= 5
[11E4][2017-03-18 10:38:27] dwMode= 5
[11E4][2017-03-18 10:38:27] dwMode= 5
[11E4][2017-03-18 10:38:27] dwMode= 5
[11E4][2017-03-18 10:38:27] dwMode= 5
[11E4][2017-03-18 10:38:27] dwMode= 5
[11E4][2017-03-18 10:38:27] dwMode= 5
[11E4][2017-03-18 10:38:27] dwMode= 5
[11E4][2017-03-18 10:38:27] dwMode= 5
[11E4][2017-03-18 10:38:27] dwMode= 5
[11E4][2017-03-18 10:38:27] dwMode= 5
[11E4][2017-03-18 10:38:27] dwMode= 5
[11E4][2017-03-18 10:38:27] dwMode= 5
[11E4][2017-03-18 10:38:27] dwMode= 5
[11E4][2017-03-18 10:38:27] dwMode= 5
[11E4][2017-03-18 10:38:27] dwMode= 5
[11E4][2017-03-18 10:38:27] dwMode= 5
[11E4][2017-03-18 10:38:27] dwMode= 5
[11E4][2017-03-18 10:38:27] dwMode= 5
[11E4][2017-03-18 10:38:27] dwMode= 5
[11E4][2017-03-18 10:38:27] dwMode= 5
[11E4][2017-03-18 10:38:27]
[11E4][2017-03-18 10:38:27]<Hackmap>: Payallmoney's Map 1.0 ,  base on virgol (4.6) installed.
[11E4][2017-03-18 10:38:42] dwMode= 7
[11E4][2017-03-18 10:38:52]---EXP gained[0]---
[11E4][2017-03-18 10:38:52]---ot(*) exit game---
[2094][2017-03-18 10:39:33]
[2094][2017-03-18 10:39:33]<Hackmap>: Payallmoney's Map 1.0 ,  base on virgol (4.6) installed.
[2094][2017-03-18 10:39:49] szName= ot
[2094][2017-03-18 10:39:49] szName= ot
[2094][2017-03-18 10:39:49] szName= ot
[2094][2017-03-18 10:39:49] szName= ot
[2094][2017-03-18 10:39:49] szName= ot
[2094][2017-03-18 10:39:49] szName= ot
[2094][2017-03-18 10:39:49] szName= ot
[2094][2017-03-18 10:39:49] szName= ot
[2094][2017-03-18 10:39:49] szName= ot
[2094][2017-03-18 10:39:49] szName= ot
[2094][2017-03-18 10:39:49] szName= ot
[2094][2017-03-18 10:39:49] szName= ot
[2094][2017-03-18 10:39:49] szName= ot
[2094][2017-03-18 10:39:49] szName= ot
[2094][2017-03-18 10:39:49] szName= ot
[2094][2017-03-18 10:39:49] szName= ot
[2094][2017-03-18 10:39:49] szName= ot
[2094][2017-03-18 10:39:49] szName= ot
[2094][2017-03-18 10:39:49] szName= ot
[2094][2017-03-18 10:39:49] szName= ot
[2094][2017-03-18 10:39:49] szName= ot
[2094][2017-03-18 10:39:49] szName= ot
[2094][2017-03-18 10:39:49] szName= ot
[2094][2017-03-18 10:39:49] szName= ot
[2094][2017-03-18 10:39:49] szName= ot
[2094][2017-03-18 10:39:49] szName= ot
[2094][2017-03-18 10:39:49] szName= ot
[2094][2017-03-18 10:39:49] szName= ot
[2094][2017-03-18 10:39:49] szName= ot
[2094][2017-03-18 10:39:49] szName= ot
[2094][2017-03-18 10:39:49] szName= ot
[2094][2017-03-18 10:39:49] szName= ot
[2094][2017-03-18 10:39:49] szName= ot
[2094][2017-03-18 10:39:49] szName= ot
[2094][2017-03-18 10:39:49] szName= ot
[2094][2017-03-18 10:39:49] szName= ot
[2094][2017-03-18 10:39:49] szName= ot
[2094][2017-03-18 10:39:49] szName= ot
[2094][2017-03-18 10:39:49] szName= ot
[2094][2017-03-18 10:39:49] szName= ot
[2094][2017-03-18 10:39:49] szName= ot
[2094][2017-03-18 10:39:49] szName= ot
[2094][2017-03-18 10:39:49] szName= ot
[2094][2017-03-18 10:39:49] szName= ot
[2094][2017-03-18 10:39:49] szName= ot
[2094][2017-03-18 10:39:49] szName= ot
[2094][2017-03-18 10:39:49] szName= ot
[2094][2017-03-18 10:39:49] szName= ot
[2094][2017-03-18 10:39:49] szName= ot
[2094][2017-03-18 10:39:49] szName= ot
[2094][2017-03-18 10:39:49] szName= ot
[2094][2017-03-18 10:39:49] szName= ot
[2094][2017-03-18 10:39:49] szName= ot
[2094][2017-03-18 10:39:49] szName= ot
[2094][2017-03-18 10:39:49] szName= ot
[2094][2017-03-18 10:39:49] szName= ot
[2094][2017-03-18 10:39:49] szName= ot
[2094][2017-03-18 10:39:49] szName= ot
[2094][2017-03-18 10:39:49] szName= ot
[2094][2017-03-18 10:39:49] szName= ot
[2094][2017-03-18 10:39:49] szName= ot
[2094][2017-03-18 10:39:49] szName= ot
[2094][2017-03-18 10:39:50] szName= ot
[2094][2017-03-18 10:39:50] szName= ot
[2094][2017-03-18 10:39:50] szName= ot
[2094][2017-03-18 10:39:50] szName= ot
[2094][2017-03-18 10:39:50] szName= ot
[2094][2017-03-18 10:39:50] szName= ot
[2094][2017-03-18 10:39:50] szName= ot
[2094][2017-03-18 10:39:50] szName= ot
[2094][2017-03-18 10:39:50] szName= ot
[2094][2017-03-18 10:39:50] szName= ot
[2094][2017-03-18 10:39:50] szName= ot
[2094][2017-03-18 10:39:50] szName= ot
[2094][2017-03-18 10:39:50] szName= ot
[2094][2017-03-18 10:39:50] szName= ot
[2094][2017-03-18 10:39:50] szName= ot
[2094][2017-03-18 10:39:50] szName= ot
[2094][2017-03-18 10:39:50] szName= ot
[2094][2017-03-18 10:39:50] szName= ot
[2094][2017-03-18 10:39:50] szName= ot
[2094][2017-03-18 10:39:50] szName= ot
[2094][2017-03-18 10:39:50] szName= ot
[2094][2017-03-18 10:39:50] szName= ot
[2094][2017-03-18 10:39:50] szName= ot
[2094][2017-03-18 10:39:50] szName= ot
[2094][2017-03-18 10:39:50] szName= ot
[2094][2017-03-18 10:39:50] szName= ot
[2094][2017-03-18 10:39:50] szName= ot
[2094][2017-03-18 10:39:50] szName= ot
[2094][2017-03-18 10:39:50] szName= ot
[2094][2017-03-18 10:39:50] szName= ot
[2094][2017-03-18 10:39:50] szName= ot
[2094][2017-03-18 10:39:51] szName= ot
[2094][2017-03-18 10:39:51] szName= ot
[2094][2017-03-18 10:39:51] szName= ot
[2094][2017-03-18 10:39:51] szName= ot
[2094][2017-03-18 10:39:51] szName= ot
[2094][2017-03-18 10:39:51] szName= ot
[2094][2017-03-18 10:39:51] szName= ot
[2094][2017-03-18 10:39:51] szName= ot
[2094][2017-03-18 10:39:51] szName= ot
[2094][2017-03-18 10:39:51] szName= ot
[2094][2017-03-18 10:39:51] szName= ot
[2094][2017-03-18 10:39:51] szName= ot
[2094][2017-03-18 10:39:51] szName= ot
[2094][2017-03-18 10:39:51] szName= ot
[2094][2017-03-18 10:39:51] szName= ot
[2094][2017-03-18 10:39:51] szName= ot
[2094][2017-03-18 10:39:51] szName= ot
[2094][2017-03-18 10:39:51] szName= ot
[2094][2017-03-18 10:39:51] szName= ot
[2094][2017-03-18 10:39:51] szName= ot
[2094][2017-03-18 10:39:51] szName= ot
[2094][2017-03-18 10:39:51] szName= ot
[2094][2017-03-18 10:39:51] szName= ot
[2094][2017-03-18 10:39:51] szName= ot
[2094][2017-03-18 10:39:51] szName= ot
[2094][2017-03-18 10:39:51] szName= ot
[2094][2017-03-18 10:39:51] szName= ot
[2094][2017-03-18 10:39:51] szName= ot
[2094][2017-03-18 10:39:51] szName= ot
[2094][2017-03-18 10:39:51] szName= ot
[2094][2017-03-18 10:39:51] szName= ot
[2094][2017-03-18 10:39:52] szName= ot
[2094][2017-03-18 10:39:52] szName= ot
[2094][2017-03-18 10:39:52] szName= ot
[2094][2017-03-18 10:39:52] szName= ot
[2094][2017-03-18 10:39:52] szName= ot
[2094][2017-03-18 10:39:52] szName= ot
[2094][2017-03-18 10:39:52] szName= ot
[2094][2017-03-18 10:39:52] szName= ot
[2094][2017-03-18 10:39:52] szName= ot
[2094][2017-03-18 10:39:52] szName= ot
[2094][2017-03-18 10:39:52] szName= ot
[2094][2017-03-18 10:39:52] szName= ot
[2094][2017-03-18 10:39:52] szName= ot
[2094][2017-03-18 10:39:52] szName= ot
[2094][2017-03-18 10:39:52] szName= ot
[2094][2017-03-18 10:39:52] szName= ot
[2094][2017-03-18 10:39:52] szName= ot
[2094][2017-03-18 10:39:52] szName= ot
[2094][2017-03-18 10:39:52] szName= ot
[2094][2017-03-18 10:39:52] szName= ot
[2094][2017-03-18 10:39:52] szName= ot
[2094][2017-03-18 10:39:52] szName= ot
[2094][2017-03-18 10:39:52] szName= ot
[2094][2017-03-18 10:39:52] szName= ot
[2094][2017-03-18 10:39:52] szName= ot
[2094][2017-03-18 10:39:52] szName= ot
[2094][2017-03-18 10:39:52] szName= ot
[2094][2017-03-18 10:39:52] szName= ot
[2094][2017-03-18 10:39:52] szName= ot
[2094][2017-03-18 10:39:52] szName= ot
[2094][2017-03-18 10:39:52] szName= ot
[2094][2017-03-18 10:39:53]---EXP gained[0]---
[2094][2017-03-18 10:39:53]---ot(*) exit game---
[5794][2017-03-18 10:41:11]
[5794][2017-03-18 10:41:11]<Hackmap>: Payallmoney's Map 1.0 ,  base on virgol (4.6) installed.
[5794][2017-03-18 10:41:22] szName= ot
[3A80][2017-03-18 11:49:20]
[3A80][2017-03-18 11:49:20]<Hackmap>: Payallmoney's Map 1.0 ,  base on virgol (4.6) installed.
[3A80][2017-03-18 11:50:18] szName= ot
[3D68][2017-03-18 11:50:49]
[3D68][2017-03-18 11:50:49]<Hackmap>: Payallmoney's Map 1.0 ,  base on virgol (4.6) installed.
[3D68][2017-03-18 11:50:52] szName= ot
[3674][2017-03-18 11:51:07]
[3674][2017-03-18 11:51:07]<Hackmap>: Payallmoney's Map 1.0 ,  base on virgol (4.6) installed.
[3674][2017-03-18 11:51:11] szName= ot
[4244][2017-03-18 12:34:27]
[4244][2017-03-18 12:34:27]<Hackmap>: Payallmoney's Map 1.0 ,  base on virgol (4.6) installed.
[4244][2017-03-18 12:34:31] szName= ot
[1E50][2017-03-18 12:34:50]
[1E50][2017-03-18 12:34:50]<Hackmap>: Payallmoney's Map 1.0 ,  base on virgol (4.6) installed.
[1E50][2017-03-18 12:34:55] szName= ot
[66F0][2017-03-18 12:36:17]
[66F0][2017-03-18 12:36:17]<Hackmap>: Payallmoney's Map 1.0 ,  base on virgol (4.6) installed.
[66F0][2017-03-18 12:36:21] szName= ot
[6244][2017-03-18 12:37:48]
[6244][2017-03-18 12:37:48]<Hackmap>: Payallmoney's Map 1.0 ,  base on virgol (4.6) installed.
[6244][2017-03-18 12:37:52] stat ==  
[6244][2017-03-18 12:37:52] szName= ot
[5A4C][2017-03-18 12:38:03]
[5A4C][2017-03-18 12:38:03]<Hackmap>: Payallmoney's Map 1.0 ,  base on virgol (4.6) installed.
[5A4C][2017-03-18 12:38:07] szName= ot
[3B90][2017-03-18 12:38:21]
[3B90][2017-03-18 12:38:21]<Hackmap>: Payallmoney's Map 1.0 ,  base on virgol (4.6) installed.
[3B90][2017-03-18 12:38:24] szName= ot
[10C4][2017-03-18 12:38:57]
[10C4][2017-03-18 12:38:57]<Hackmap>: Payallmoney's Map 1.0 ,  base on virgol (4.6) installed.
[10C4][2017-03-18 12:39:02] szName= ot
[2B78][2017-03-18 12:39:19]
[2B78][2017-03-18 12:39:19]<Hackmap>: Payallmoney's Map 1.0 ,  base on virgol (4.6) installed.
[2B78][2017-03-18 12:39:24]---EXP gained[0]---
[2B78][2017-03-18 12:39:24]---ot(*) exit game---
[4640][2017-03-18 12:40:38]
[4640][2017-03-18 12:40:38]<Hackmap>: Payallmoney's Map 1.0 ,  base on virgol (4.6) installed.
[4640][2017-03-18 12:42:42]---EXP gained[6]---
[4640][2017-03-18 12:42:42]---ot(*) exit game---
[4640][2017-03-18 12:42:46]
[4640][2017-03-18 12:42:46]<Hackmap>: Payallmoney's Map 1.0 ,  base on virgol (4.6) installed.
[4640][2017-03-18 12:46:13] ￍﾣￖﾹﾹﾥﾻ￷ 
[4640][2017-03-18 12:46:13] ￍﾣￖﾹﾹﾥﾻ￷ 
[4640][2017-03-18 12:46:13] ￍﾣￖﾹﾹﾥﾻ￷ 
[4640][2017-03-18 12:46:13] ￍﾣￖﾹﾹﾥﾻ￷ 
[4640][2017-03-18 12:46:13] ￍﾣￖﾹﾹﾥﾻ￷ 
[4640][2017-03-18 12:46:13] ￍﾣￖﾹﾹﾥﾻ￷ 
[4640][2017-03-18 12:46:13] ￍﾣￖﾹﾹﾥﾻ￷ 
[4640][2017-03-18 12:46:31] ￍﾣￖﾹﾹﾥﾻ￷ 
[4640][2017-03-18 12:46:31] ￍﾣￖﾹﾹﾥﾻ￷ 
[4640][2017-03-18 12:46:31] ￍﾣￖﾹﾹﾥﾻ￷ 
[4640][2017-03-18 12:46:31] ￍﾣￖﾹﾹﾥﾻ￷ 
[4640][2017-03-18 12:46:31] ￍﾣￖﾹﾹﾥﾻ￷ 
[4640][2017-03-18 12:46:31] ￍﾣￖﾹﾹﾥﾻ￷ 
[4640][2017-03-18 12:46:31] ￍﾣￖﾹﾹﾥﾻ￷ 
[4640][2017-03-18 12:47:25]<Hackmap>: Show hidden items on.
[4640][2017-03-18 12:47:30]---EXP gained[1178]---
[4640][2017-03-18 12:47:30]---ot(*) exit game---
[5E94][2017-03-18 12:47:55]
[5E94][2017-03-18 12:47:55]<Hackmap>: Payallmoney's Map 1.0 ,  base on virgol (4.6) installed.
[5E94][2017-03-18 12:48:00]---EXP gained[0]---
[5E94][2017-03-18 12:48:00]---ot(*) exit game---
[5E94][2017-03-18 12:48:03]
[5E94][2017-03-18 12:48:03]<Hackmap>: Payallmoney's Map 1.0 ,  base on virgol (4.6) installed.
[5E94][2017-03-18 12:49:57] ￍﾣￖﾹﾹﾥﾻ￷ 
[5E94][2017-03-18 12:49:57] ￍﾣￖﾹﾹﾥﾻ￷ 
[5E94][2017-03-18 12:49:57] ￍﾣￖﾹﾹﾥﾻ￷ 
[5E94][2017-03-18 12:49:57] ￍﾣￖﾹﾹﾥﾻ￷ 
[5E94][2017-03-18 12:49:57] ￍﾣￖﾹﾹﾥﾻ￷ 
[5E94][2017-03-18 12:49:57] ￍﾣￖﾹﾹﾥﾻ￷ 
[5E94][2017-03-18 12:49:57] ￍﾣￖﾹﾹﾥﾻ￷ 
[5E94][2017-03-18 12:49:57] ￍﾣￖﾹﾹﾥﾻ￷ 
[5E94][2017-03-18 12:49:57] ￍﾣￖﾹﾹﾥﾻ￷ 
[5E94][2017-03-18 12:49:57] ￍﾣￖﾹﾹﾥﾻ￷ 
[5E94][2017-03-18 12:49:57] ￍﾣￖﾹﾹﾥﾻ￷ 
[5E94][2017-03-18 12:49:57] ￍﾣￖﾹﾹﾥﾻ￷ 
[5E94][2017-03-18 12:49:57] ￍﾣￖﾹﾹﾥﾻ￷ 
[5E94][2017-03-18 12:49:57] ￍﾣￖﾹﾹﾥﾻ￷ 
[5E94][2017-03-18 12:50:00] ￍﾣￖﾹﾹﾥﾻ￷ 
[5E94][2017-03-18 12:50:00] ￍﾣￖﾹﾹﾥﾻ￷ 
[5E94][2017-03-18 12:50:00] ￍﾣￖﾹﾹﾥﾻ￷ 
[5E94][2017-03-18 12:50:00] ￍﾣￖﾹﾹﾥﾻ￷ 
[5E94][2017-03-18 12:50:00] ￍﾣￖﾹﾹﾥﾻ￷ 
[5E94][2017-03-18 12:50:00] ￍﾣￖﾹﾹﾥﾻ￷ 
[5E94][2017-03-18 12:50:00] ￍﾣￖﾹﾹﾥﾻ￷ 
[5E94][2017-03-18 12:50:18] ￍﾣￖﾹﾹﾥﾻ￷ 
[5E94][2017-03-18 12:50:18] ￍﾣￖﾹﾹﾥﾻ￷ 
[5E94][2017-03-18 12:50:18] ￍﾣￖﾹﾹﾥﾻ￷ 
[5E94][2017-03-18 12:50:18] ￍﾣￖﾹﾹﾥﾻ￷ 
[5E94][2017-03-18 12:50:18] ￍﾣￖﾹﾹﾥﾻ￷ 
[5E94][2017-03-18 12:50:18] ￍﾣￖﾹﾹﾥﾻ￷ 
[5E94][2017-03-18 12:50:18] ￍﾣￖﾹﾹﾥﾻ￷ 
[5E94][2017-03-18 12:50:27] ￍﾣￖﾹﾹﾥﾻ￷ 
[5E94][2017-03-18 12:50:27] ￍﾣￖﾹﾹﾥﾻ￷ 
[5E94][2017-03-18 12:50:27] ￍﾣￖﾹﾹﾥﾻ￷ 
[5E94][2017-03-18 12:50:27] ￍﾣￖﾹﾹﾥﾻ￷ 
[5E94][2017-03-18 12:50:27] ￍﾣￖﾹﾹﾥﾻ￷ 
[5E94][2017-03-18 12:50:27] ￍﾣￖﾹﾹﾥﾻ￷ 
[5E94][2017-03-18 12:50:27] ￍﾣￖﾹﾹﾥﾻ￷ 
[5E94][2017-03-18 12:50:35] ￍﾣￖﾹﾹﾥﾻ￷ 
[5E94][2017-03-18 12:50:35] ￍﾣￖﾹﾹﾥﾻ￷ 
[5E94][2017-03-18 12:50:35] ￍﾣￖﾹﾹﾥﾻ￷ 
[5E94][2017-03-18 12:50:35] ￍﾣￖﾹﾹﾥﾻ￷ 
[5E94][2017-03-18 12:50:35] ￍﾣￖﾹﾹﾥﾻ￷ 
[5E94][2017-03-18 12:50:35] ￍﾣￖﾹﾹﾥﾻ￷ 
[5E94][2017-03-18 12:50:35] ￍﾣￖﾹﾹﾥﾻ￷ 
[5E94][2017-03-18 12:50:38] ￍﾣￖﾹﾹﾥﾻ￷ 
[5E94][2017-03-18 12:50:38] ￍﾣￖﾹﾹﾥﾻ￷ 
[5E94][2017-03-18 12:50:38] ￍﾣￖﾹﾹﾥﾻ￷ 
[5E94][2017-03-18 12:50:38] ￍﾣￖﾹﾹﾥﾻ￷ 
[5E94][2017-03-18 12:50:38] ￍﾣￖﾹﾹﾥﾻ￷ 
[5E94][2017-03-18 12:50:38] ￍﾣￖﾹﾹﾥﾻ￷ 
[5E94][2017-03-18 12:50:38] ￍﾣￖﾹﾹﾥﾻ￷ 
[5E94][2017-03-18 12:50:40] ￍﾣￖﾹﾹﾥﾻ￷ 
[5E94][2017-03-18 12:50:40] ￍﾣￖﾹﾹﾥﾻ￷ 
[5E94][2017-03-18 12:50:40] ￍﾣￖﾹﾹﾥﾻ￷ 
[5E94][2017-03-18 12:50:40] ￍﾣￖﾹﾹﾥﾻ￷ 
[5E94][2017-03-18 12:50:40] ￍﾣￖﾹﾹﾥﾻ￷ 
[5E94][2017-03-18 12:50:40] ￍﾣￖﾹﾹﾥﾻ￷ 
[5E94][2017-03-18 12:50:40] ￍﾣￖﾹﾹﾥﾻ￷ 
[5E94][2017-03-18 12:50:46]<Hackmap>: Show hidden items on.
[5E94][2017-03-18 12:50:48] ￍﾣￖﾹﾹﾥﾻ￷ 
[5E94][2017-03-18 12:50:48] ￍﾣￖﾹﾹﾥﾻ￷ 
[5E94][2017-03-18 12:50:48] ￍﾣￖﾹﾹﾥﾻ￷ 
[5E94][2017-03-18 12:50:48] ￍﾣￖﾹﾹﾥﾻ￷ 
[5E94][2017-03-18 12:50:48] ￍﾣￖﾹﾹﾥﾻ￷ 
[5E94][2017-03-18 12:50:48] ￍﾣￖﾹﾹﾥﾻ￷ 
[5E94][2017-03-18 12:50:48] ￍﾣￖﾹﾹﾥﾻ￷ 
[5E94][2017-03-18 12:50:49] ￍﾣￖﾹﾹﾥﾻ￷ 
[5E94][2017-03-18 12:50:49] ￍﾣￖﾹﾹﾥﾻ￷ 
[5E94][2017-03-18 12:50:49] ￍﾣￖﾹﾹﾥﾻ￷ 
[5E94][2017-03-18 12:50:49] ￍﾣￖﾹﾹﾥﾻ￷ 
[5E94][2017-03-18 12:50:49] ￍﾣￖﾹﾹﾥﾻ￷ 
[5E94][2017-03-18 12:50:49] ￍﾣￖﾹﾹﾥﾻ￷ 
[5E94][2017-03-18 12:50:49] ￍﾣￖﾹﾹﾥﾻ￷ 
[5E94][2017-03-18 12:50:52]---EXP gained[1250]---
[5E94][2017-03-18 12:50:52]---ot(*) exit game---
[0CE8][2017-03-18 12:55:55]
[0CE8][2017-03-18 12:55:55]<Hackmap>: Payallmoney's Map 1.0 ,  base on virgol (4.6) installed.
[0CE8][2017-03-18 12:56:25]---EXP gained[0]---
[0CE8][2017-03-18 12:56:25]---ot(*) exit game---
[0CE8][2017-03-18 12:56:32]
[0CE8][2017-03-18 12:56:32]<Hackmap>: Payallmoney's Map 1.0 ,  base on virgol (4.6) installed.
[0CE8][2017-03-18 12:57:41] ￍﾣￖﾹﾹﾥﾻ￷ 
[0CE8][2017-03-18 12:57:41] ￍﾣￖﾹﾹﾥﾻ￷ 
[0CE8][2017-03-18 12:57:41] ￍﾣￖﾹﾹﾥﾻ￷ 
[0CE8][2017-03-18 12:57:41] ￍﾣￖﾹﾹﾥﾻ￷ 
[0CE8][2017-03-18 12:57:41] ￍﾣￖﾹﾹﾥﾻ￷ 
[0CE8][2017-03-18 12:57:41] ￍﾣￖﾹﾹﾥﾻ￷ 
[0CE8][2017-03-18 12:57:41] ￍﾣￖﾹﾹﾥﾻ￷ 
[0CE8][2017-03-18 12:57:42] ￍﾣￖﾹﾹﾥﾻ￷ 
[0CE8][2017-03-18 12:57:42] ￍﾣￖﾹﾹﾥﾻ￷ 
[0CE8][2017-03-18 12:57:42] ￍﾣￖﾹﾹﾥﾻ￷ 
[0CE8][2017-03-18 12:57:42] ￍﾣￖﾹﾹﾥﾻ￷ 
[0CE8][2017-03-18 12:57:42] ￍﾣￖﾹﾹﾥﾻ￷ 
[0CE8][2017-03-18 12:57:42] ￍﾣￖﾹﾹﾥﾻ￷ 
[0CE8][2017-03-18 12:57:42] ￍﾣￖﾹﾹﾥﾻ￷ 
[0CE8][2017-03-18 12:57:51] ￍﾣￖﾹﾹﾥﾻ￷ 
[0CE8][2017-03-18 12:57:51] ￍﾣￖﾹﾹﾥﾻ￷ 
[0CE8][2017-03-18 12:57:51] ￍﾣￖﾹﾹﾥﾻ￷ 
[0CE8][2017-03-18 12:57:51] ￍﾣￖﾹﾹﾥﾻ￷ 
[0CE8][2017-03-18 12:57:51] ￍﾣￖﾹﾹﾥﾻ￷ 
[0CE8][2017-03-18 12:57:51] ￍﾣￖﾹﾹﾥﾻ￷ 
[0CE8][2017-03-18 12:57:51] ￍﾣￖﾹﾹﾥﾻ￷ 
[0CE8][2017-03-18 12:57:55] ￍﾣￖﾹﾹﾥﾻ￷ 
[0CE8][2017-03-18 12:57:55] ￍﾣￖﾹﾹﾥﾻ￷ 
[0CE8][2017-03-18 12:57:55] ￍﾣￖﾹﾹﾥﾻ￷ 
[0CE8][2017-03-18 12:57:55] ￍﾣￖﾹﾹﾥﾻ￷ 
[0CE8][2017-03-18 12:57:55] ￍﾣￖﾹﾹﾥﾻ￷ 
[0CE8][2017-03-18 12:57:55] ￍﾣￖﾹﾹﾥﾻ￷ 
[0CE8][2017-03-18 12:57:55] ￍﾣￖﾹﾹﾥﾻ￷ 
[0CE8][2017-03-18 12:58:30] ￍﾣￖﾹﾹﾥﾻ￷ 
[0CE8][2017-03-18 12:58:30] ￍﾣￖﾹﾹﾥﾻ￷ 
[0CE8][2017-03-18 12:58:30] ￍﾣￖﾹﾹﾥﾻ￷ 
[0CE8][2017-03-18 12:58:30] ￍﾣￖﾹﾹﾥﾻ￷ 
[0CE8][2017-03-18 12:58:30] ￍﾣￖﾹﾹﾥﾻ￷ 
[0CE8][2017-03-18 12:58:30] ￍﾣￖﾹﾹﾥﾻ￷ 
[0CE8][2017-03-18 12:58:30] ￍﾣￖﾹﾹﾥﾻ￷ 
[0CE8][2017-03-18 12:58:32] ￍﾣￖﾹﾹﾥﾻ￷ 
[0CE8][2017-03-18 12:58:32] ￍﾣￖﾹﾹﾥﾻ￷ 
[0CE8][2017-03-18 12:58:32] ￍﾣￖﾹﾹﾥﾻ￷ 
[0CE8][2017-03-18 12:58:32] ￍﾣￖﾹﾹﾥﾻ￷ 
[0CE8][2017-03-18 12:58:32] ￍﾣￖﾹﾹﾥﾻ￷ 
[0CE8][2017-03-18 12:58:32] ￍﾣￖﾹﾹﾥﾻ￷ 
[0CE8][2017-03-18 12:58:32] ￍﾣￖﾹﾹﾥﾻ￷ 
[0CE8][2017-03-18 12:59:43] ￍﾣￖﾹﾹﾥﾻ￷ 
[0CE8][2017-03-18 12:59:43] ￍﾣￖﾹﾹﾥﾻ￷ 
[0CE8][2017-03-18 12:59:43] ￍﾣￖﾹﾹﾥﾻ￷ 
[0CE8][2017-03-18 12:59:43] ￍﾣￖﾹﾹﾥﾻ￷ 
[0CE8][2017-03-18 12:59:43] ￍﾣￖﾹﾹﾥﾻ￷ 
[0CE8][2017-03-18 12:59:43] ￍﾣￖﾹﾹﾥﾻ￷ 
[0CE8][2017-03-18 12:59:43] ￍﾣￖﾹﾹﾥﾻ￷ 
[0CE8][2017-03-18 12:59:55]---EXP gained[913]---
[0CE8][2017-03-18 12:59:55]---ot(*) exit game---
[2F58][2017-03-18 13:01:12]
[2F58][2017-03-18 13:01:12]<Hackmap>: Payallmoney's Map 1.0 ,  base on virgol (4.6) installed.
[2F58][2017-03-18 13:02:58] ￍﾣￖﾹﾹﾥﾻ￷ 
[2F58][2017-03-18 13:02:58] ￍﾣￖﾹﾹﾥﾻ￷ 
[2F58][2017-03-18 13:02:58] ￍﾣￖﾹﾹﾥﾻ￷ 
[2F58][2017-03-18 13:02:58] ￍﾣￖﾹﾹﾥﾻ￷ 
[2F58][2017-03-18 13:02:58] ￍﾣￖﾹﾹﾥﾻ￷ 
[2F58][2017-03-18 13:02:58] ￍﾣￖﾹﾹﾥﾻ￷ 
[2F58][2017-03-18 13:02:58] ￍﾣￖﾹﾹﾥﾻ￷ 
[2F58][2017-03-18 13:02:58]cancel attack
[2F58][2017-03-18 13:02:59] ￍﾣￖﾹﾹﾥﾻ￷ 
[2F58][2017-03-18 13:02:59] ￍﾣￖﾹﾹﾥﾻ￷ 
[2F58][2017-03-18 13:02:59] ￍﾣￖﾹﾹﾥﾻ￷ 
[2F58][2017-03-18 13:02:59] ￍﾣￖﾹﾹﾥﾻ￷ 
[2F58][2017-03-18 13:02:59] ￍﾣￖﾹﾹﾥﾻ￷ 
[2F58][2017-03-18 13:02:59] ￍﾣￖﾹﾹﾥﾻ￷ 
[2F58][2017-03-18 13:02:59] ￍﾣￖﾹﾹﾥﾻ￷ 
[2F58][2017-03-18 13:04:11] ￍﾣￖﾹﾹﾥﾻ￷ 
[2F58][2017-03-18 13:04:11] ￍﾣￖﾹﾹﾥﾻ￷ 
[2F58][2017-03-18 13:04:11] ￍﾣￖﾹﾹﾥﾻ￷ 
[2F58][2017-03-18 13:04:11] ￍﾣￖﾹﾹﾥﾻ￷ 
[2F58][2017-03-18 13:04:11] ￍﾣￖﾹﾹﾥﾻ￷ 
[2F58][2017-03-18 13:04:11] ￍﾣￖﾹﾹﾥﾻ￷ 
[2F58][2017-03-18 13:04:11] ￍﾣￖﾹﾹﾥﾻ￷ 
[2F58][2017-03-18 13:04:12]cancel attack
[2F58][2017-03-18 13:04:14]cancel attack
[2F58][2017-03-18 13:04:15]cancel attack
[2F58][2017-03-18 13:04:16]cancel attack
[2F58][2017-03-18 13:04:17]cancel attack
[2F58][2017-03-18 13:04:18]cancel attack
[2F58][2017-03-18 13:04:19]cancel attack
[2F58][2017-03-18 13:04:20]cancel attack
[2F58][2017-03-18 13:04:21]cancel attack
[2F58][2017-03-18 13:04:22]cancel attack
[2F58][2017-03-18 13:04:23]cancel attack
[2F58][2017-03-18 13:04:24]cancel attack
[2F58][2017-03-18 13:04:25]cancel attack
[2F58][2017-03-18 13:04:26]cancel attack
[2F58][2017-03-18 13:04:27]cancel attack
[2F58][2017-03-18 13:04:28]cancel attack
[2F58][2017-03-18 13:04:30]cancel attack
[2F58][2017-03-18 13:04:30]cancel attack
[2F58][2017-03-18 13:04:31]cancel attack
[2F58][2017-03-18 13:04:32]cancel attack
[2F58][2017-03-18 13:04:33]cancel attack
[2F58][2017-03-18 13:04:34] ￍﾣￖﾹﾹﾥﾻ￷ 
[2F58][2017-03-18 13:04:34] ￍﾣￖﾹﾹﾥﾻ￷ 
[2F58][2017-03-18 13:04:34] ￍﾣￖﾹﾹﾥﾻ￷ 
[2F58][2017-03-18 13:04:34] ￍﾣￖﾹﾹﾥﾻ￷ 
[2F58][2017-03-18 13:04:34] ￍﾣￖﾹﾹﾥﾻ￷ 
[2F58][2017-03-18 13:04:34] ￍﾣￖﾹﾹﾥﾻ￷ 
[2F58][2017-03-18 13:04:34] ￍﾣￖﾹﾹﾥﾻ￷ 
[2F58][2017-03-18 13:04:47] ￍﾣￖﾹﾹﾥﾻ￷ 
[2F58][2017-03-18 13:04:47] ￍﾣￖﾹﾹﾥﾻ￷ 
[2F58][2017-03-18 13:04:47] ￍﾣￖﾹﾹﾥﾻ￷ 
[2F58][2017-03-18 13:04:47] ￍﾣￖﾹﾹﾥﾻ￷ 
[2F58][2017-03-18 13:04:47] ￍﾣￖﾹﾹﾥﾻ￷ 
[2F58][2017-03-18 13:04:47] ￍﾣￖﾹﾹﾥﾻ￷ 
[2F58][2017-03-18 13:04:47] ￍﾣￖﾹﾹﾥﾻ￷ 
[2F58][2017-03-18 13:04:48]cancel attack
[2F58][2017-03-18 13:04:49]cancel attack
[2F58][2017-03-18 13:04:50]cancel attack
[2F58][2017-03-18 13:04:51]cancel attack
[2F58][2017-03-18 13:04:52]cancel attack
[2F58][2017-03-18 13:04:53]cancel attack
[2F58][2017-03-18 13:04:54]cancel attack
[2F58][2017-03-18 13:04:55]cancel attack
[2F58][2017-03-18 13:04:56]cancel attack
[2F58][2017-03-18 13:04:57]cancel attack
[2F58][2017-03-18 13:04:58]cancel attack
[2F58][2017-03-18 13:04:59] ￍﾣￖﾹﾹﾥﾻ￷ 
[2F58][2017-03-18 13:04:59] ￍﾣￖﾹﾹﾥﾻ￷ 
[2F58][2017-03-18 13:04:59] ￍﾣￖﾹﾹﾥﾻ￷ 
[2F58][2017-03-18 13:04:59] ￍﾣￖﾹﾹﾥﾻ￷ 
[2F58][2017-03-18 13:04:59] ￍﾣￖﾹﾹﾥﾻ￷ 
[2F58][2017-03-18 13:04:59] ￍﾣￖﾹﾹﾥﾻ￷ 
[2F58][2017-03-18 13:04:59] ￍﾣￖﾹﾹﾥﾻ￷ 
[2F58][2017-03-18 13:05:15] ￍﾣￖﾹﾹﾥﾻ￷ 
[2F58][2017-03-18 13:05:15] ￍﾣￖﾹﾹﾥﾻ￷ 
[2F58][2017-03-18 13:05:15] ￍﾣￖﾹﾹﾥﾻ￷ 
[2F58][2017-03-18 13:05:15] ￍﾣￖﾹﾹﾥﾻ￷ 
[2F58][2017-03-18 13:05:15] ￍﾣￖﾹﾹﾥﾻ￷ 
[2F58][2017-03-18 13:05:15] ￍﾣￖﾹﾹﾥﾻ￷ 
[2F58][2017-03-18 13:05:15] ￍﾣￖﾹﾹﾥﾻ￷ 
[2F58][2017-03-18 13:05:16]cancel attack
[2F58][2017-03-18 13:05:16] ￍﾣￖﾹﾹﾥﾻ￷ 
[2F58][2017-03-18 13:05:16] ￍﾣￖﾹﾹﾥﾻ￷ 
[2F58][2017-03-18 13:05:16] ￍﾣￖﾹﾹﾥﾻ￷ 
[2F58][2017-03-18 13:05:16] ￍﾣￖﾹﾹﾥﾻ￷ 
[2F58][2017-03-18 13:05:16] ￍﾣￖﾹﾹﾥﾻ￷ 
[2F58][2017-03-18 13:05:16] ￍﾣￖﾹﾹﾥﾻ￷ 
[2F58][2017-03-18 13:05:16] ￍﾣￖﾹﾹﾥﾻ￷ 
[2F58][2017-03-18 13:05:20]---EXP gained[1113]---
[2F58][2017-03-18 13:05:20]---ot(*) exit game---
[6124][2017-03-18 13:05:36]
[6124][2017-03-18 13:05:36]<Hackmap>: Payallmoney's Map 1.0 ,  base on virgol (4.6) installed.
[6124][2017-03-18 13:05:38]---EXP gained[0]---
[6124][2017-03-18 13:05:38]---ot(*) exit game---
[2328][2017-03-18 13:05:46]
[2328][2017-03-18 13:05:46]<Hackmap>: Payallmoney's Map 1.0 ,  base on virgol (4.6) installed.
[2328][2017-03-18 13:06:52] ￍﾣￖﾹﾹﾥﾻ￷ 
[2328][2017-03-18 13:06:52] ￍﾣￖﾹﾹﾥﾻ￷ 
[2328][2017-03-18 13:06:52] ￍﾣￖﾹﾹﾥﾻ￷ 
[2328][2017-03-18 13:06:52] ￍﾣￖﾹﾹﾥﾻ￷ 
[2328][2017-03-18 13:06:52] ￍﾣￖﾹﾹﾥﾻ￷ 
[2328][2017-03-18 13:06:52] ￍﾣￖﾹﾹﾥﾻ￷ 
[2328][2017-03-18 13:06:52] ￍﾣￖﾹﾹﾥﾻ￷ 
[2328][2017-03-18 13:06:53]cancel attack
[2328][2017-03-18 13:06:54]cancel attack
[2328][2017-03-18 13:06:55] ￍﾣￖﾹﾹﾥﾻ￷ 
[2328][2017-03-18 13:06:55] ￍﾣￖﾹﾹﾥﾻ￷ 
[2328][2017-03-18 13:06:55] ￍﾣￖﾹﾹﾥﾻ￷ 
[2328][2017-03-18 13:06:55] ￍﾣￖﾹﾹﾥﾻ￷ 
[2328][2017-03-18 13:06:55] ￍﾣￖﾹﾹﾥﾻ￷ 
[2328][2017-03-18 13:06:55] ￍﾣￖﾹﾹﾥﾻ￷ 
[2328][2017-03-18 13:06:55] ￍﾣￖﾹﾹﾥﾻ￷ 
[2328][2017-03-18 13:07:02] ￍﾣￖﾹﾹﾥﾻ￷ 
[2328][2017-03-18 13:07:02] ￍﾣￖﾹﾹﾥﾻ￷ 
[2328][2017-03-18 13:07:02] ￍﾣￖﾹﾹﾥﾻ￷ 
[2328][2017-03-18 13:07:02] ￍﾣￖﾹﾹﾥﾻ￷ 
[2328][2017-03-18 13:07:02] ￍﾣￖﾹﾹﾥﾻ￷ 
[2328][2017-03-18 13:07:02] ￍﾣￖﾹﾹﾥﾻ￷ 
[2328][2017-03-18 13:07:02] ￍﾣￖﾹﾹﾥﾻ￷ 
[2328][2017-03-18 13:07:02]cancel attack
[2328][2017-03-18 13:07:03]cancel attack
[2328][2017-03-18 13:07:04]cancel attack
[2328][2017-03-18 13:07:05]cancel attack
[2328][2017-03-18 13:07:07]cancel attack
[2328][2017-03-18 13:07:07] ￍﾣￖﾹﾹﾥﾻ￷ 
[2328][2017-03-18 13:07:07] ￍﾣￖﾹﾹﾥﾻ￷ 
[2328][2017-03-18 13:07:07] ￍﾣￖﾹﾹﾥﾻ￷ 
[2328][2017-03-18 13:07:07] ￍﾣￖﾹﾹﾥﾻ￷ 
[2328][2017-03-18 13:07:07] ￍﾣￖﾹﾹﾥﾻ￷ 
[2328][2017-03-18 13:07:07] ￍﾣￖﾹﾹﾥﾻ￷ 
[2328][2017-03-18 13:07:07] ￍﾣￖﾹﾹﾥﾻ￷ 
[2328][2017-03-18 13:07:20] ￍﾣￖﾹﾹﾥﾻ￷ 
[2328][2017-03-18 13:07:20] ￍﾣￖﾹﾹﾥﾻ￷ 
[2328][2017-03-18 13:07:20] ￍﾣￖﾹﾹﾥﾻ￷ 
[2328][2017-03-18 13:07:20] ￍﾣￖﾹﾹﾥﾻ￷ 
[2328][2017-03-18 13:07:20] ￍﾣￖﾹﾹﾥﾻ￷ 
[2328][2017-03-18 13:07:20] ￍﾣￖﾹﾹﾥﾻ￷ 
[2328][2017-03-18 13:07:20] ￍﾣￖﾹﾹﾥﾻ￷ 
[2328][2017-03-18 13:07:21]cancel attack
[2328][2017-03-18 13:07:23]cancel attack
[2328][2017-03-18 13:07:24]cancel attack
[2328][2017-03-18 13:07:25]cancel attack
[2328][2017-03-18 13:07:26] ￍﾣￖﾹﾹﾥﾻ￷ 
[2328][2017-03-18 13:07:26] ￍﾣￖﾹﾹﾥﾻ￷ 
[2328][2017-03-18 13:07:26] ￍﾣￖﾹﾹﾥﾻ￷ 
[2328][2017-03-18 13:07:26] ￍﾣￖﾹﾹﾥﾻ￷ 
[2328][2017-03-18 13:07:26] ￍﾣￖﾹﾹﾥﾻ￷ 
[2328][2017-03-18 13:07:26] ￍﾣￖﾹﾹﾥﾻ￷ 
[2328][2017-03-18 13:07:26] ￍﾣￖﾹﾹﾥﾻ￷ 
[2328][2017-03-18 13:07:29] ￍﾣￖﾹﾹﾥﾻ￷ 
[2328][2017-03-18 13:07:29] ￍﾣￖﾹﾹﾥﾻ￷ 
[2328][2017-03-18 13:07:29] ￍﾣￖﾹﾹﾥﾻ￷ 
[2328][2017-03-18 13:07:29] ￍﾣￖﾹﾹﾥﾻ￷ 
[2328][2017-03-18 13:07:29] ￍﾣￖﾹﾹﾥﾻ￷ 
[2328][2017-03-18 13:07:29] ￍﾣￖﾹﾹﾥﾻ￷ 
[2328][2017-03-18 13:07:29] ￍﾣￖﾹﾹﾥﾻ￷ 
[2328][2017-03-18 13:07:31]cancel attack
[2328][2017-03-18 13:07:32]cancel attack
[2328][2017-03-18 13:07:34]---EXP gained[1418]---
[2328][2017-03-18 13:07:34]---ot(*) exit game---
[5978][2017-03-18 13:08:10]
[5978][2017-03-18 13:08:10]<Hackmap>: Payallmoney's Map 1.0 ,  base on virgol (4.6) installed.
[5978][2017-03-18 13:08:12]---EXP gained[0]---
[5978][2017-03-18 13:08:12]---ot(*) exit game---
[5978][2017-03-18 13:08:15]
[5978][2017-03-18 13:08:15]<Hackmap>: Payallmoney's Map 1.0 ,  base on virgol (4.6) installed.
[5978][2017-03-18 13:10:08] ￍﾣￖﾹﾹﾥﾻ￷ 
[5978][2017-03-18 13:10:08] ￍﾣￖﾹﾹﾥﾻ￷ 
[5978][2017-03-18 13:10:08] ￍﾣￖﾹﾹﾥﾻ￷ 
[5978][2017-03-18 13:10:08] ￍﾣￖﾹﾹﾥﾻ￷ 
[5978][2017-03-18 13:10:08] ￍﾣￖﾹﾹﾥﾻ￷ 
[5978][2017-03-18 13:10:08] ￍﾣￖﾹﾹﾥﾻ￷ 
[5978][2017-03-18 13:10:08] ￍﾣￖﾹﾹﾥﾻ￷ 
[5978][2017-03-18 13:10:09]ot死亡，殺死他的是暴風施術者
[5978][2017-03-18 13:10:09] ￍﾣￖﾹﾹﾥﾻ￷ 
[5978][2017-03-18 13:10:09] ￍﾣￖﾹﾹﾥﾻ￷ 
[5978][2017-03-18 13:10:09] ￍﾣￖﾹﾹﾥﾻ￷ 
[5978][2017-03-18 13:10:09] ￍﾣￖﾹﾹﾥﾻ￷ 
[5978][2017-03-18 13:10:09] ￍﾣￖﾹﾹﾥﾻ￷ 
[5978][2017-03-18 13:10:09] ￍﾣￖﾹﾹﾥﾻ￷ 
[5978][2017-03-18 13:10:09] ￍﾣￖﾹﾹﾥﾻ￷ 
[5978][2017-03-18 13:11:40]---EXP gained[-26701310]---
[5978][2017-03-18 13:11:40]---ot(*) exit game---
[207C][2017-03-18 13:11:51]
[207C][2017-03-18 13:11:51]<Hackmap>: Payallmoney's Map 1.0 ,  base on virgol (4.6) installed.
[207C][2017-03-18 13:12:53]<Hackmap>: Show hidden items on.
[207C][2017-03-18 13:13:20]<Hackmap>: Warning !! Only 0 Townportals Left 
[207C][2017-03-18 13:13:20]<Hackmap>: Warning !! Only 0 Townportals Left 
[207C][2017-03-18 13:14:25] ￍﾣￖﾹﾹﾥﾻ￷ 
[207C][2017-03-18 13:14:25] ￍﾣￖﾹﾹﾥﾻ￷ 
[207C][2017-03-18 13:14:25] ￍﾣￖﾹﾹﾥﾻ￷ 
[207C][2017-03-18 13:14:25] ￍﾣￖﾹﾹﾥﾻ￷ 
[207C][2017-03-18 13:14:25] ￍﾣￖﾹﾹﾥﾻ￷ 
[207C][2017-03-18 13:14:25] ￍﾣￖﾹﾹﾥﾻ￷ 
[207C][2017-03-18 13:14:25] ￍﾣￖﾹﾹﾥﾻ￷ 
[207C][2017-03-18 13:14:25]ot死亡，殺死他的是厄運騎士
[207C][2017-03-18 13:14:25] ￍﾣￖﾹﾹﾥﾻ￷ 
[207C][2017-03-18 13:14:25] ￍﾣￖﾹﾹﾥﾻ￷ 
[207C][2017-03-18 13:14:25] ￍﾣￖﾹﾹﾥﾻ￷ 
[207C][2017-03-18 13:14:25] ￍﾣￖﾹﾹﾥﾻ￷ 
[207C][2017-03-18 13:14:25] ￍﾣￖﾹﾹﾥﾻ￷ 
[207C][2017-03-18 13:14:25] ￍﾣￖﾹﾹﾥﾻ￷ 
[207C][2017-03-18 13:14:25] ￍﾣￖﾹﾹﾥﾻ￷ 
[207C][2017-03-18 13:15:03]---EXP gained[-22463853]---
[207C][2017-03-18 13:15:03]---ot(*) exit game---
[207C][2017-03-18 13:15:06]
[207C][2017-03-18 13:15:06]<Hackmap>: Payallmoney's Map 1.0 ,  base on virgol (4.6) installed.
[207C][2017-03-18 13:15:48]---EXP gained[0]---
[207C][2017-03-18 13:15:48]---ot(*) exit game---
[24CC][2017-03-18 13:15:55]
[24CC][2017-03-18 13:15:55]<Hackmap>: Payallmoney's Map 1.0 ,  base on virgol (4.6) installed.
[24CC][2017-03-18 13:16:36]---EXP gained[0]---
[24CC][2017-03-18 13:16:36]---ot(*) exit game---
[6648][2017-03-18 13:16:43]
[6648][2017-03-18 13:16:43]<Hackmap>: Payallmoney's Map 1.0 ,  base on virgol (4.6) installed.
[6648][2017-03-18 13:17:39] ￍﾣￖﾹﾹﾥﾻ￷ 
[6648][2017-03-18 13:17:39] ￍﾣￖﾹﾹﾥﾻ￷ 
[6648][2017-03-18 13:17:39] ￍﾣￖﾹﾹﾥﾻ￷ 
[6648][2017-03-18 13:17:39] ￍﾣￖﾹﾹﾥﾻ￷ 
[6648][2017-03-18 13:17:39] ￍﾣￖﾹﾹﾥﾻ￷ 
[6648][2017-03-18 13:17:39] ￍﾣￖﾹﾹﾥﾻ￷ 
[6648][2017-03-18 13:17:39] ￍﾣￖﾹﾹﾥﾻ￷ 
[6648][2017-03-18 13:17:55] ￍﾣￖﾹﾹﾥﾻ￷ 
[6648][2017-03-18 13:17:55] ￍﾣￖﾹﾹﾥﾻ￷ 
[6648][2017-03-18 13:17:55] ￍﾣￖﾹﾹﾥﾻ￷ 
[6648][2017-03-18 13:17:55] ￍﾣￖﾹﾹﾥﾻ￷ 
[6648][2017-03-18 13:17:55] ￍﾣￖﾹﾹﾥﾻ￷ 
[6648][2017-03-18 13:17:55] ￍﾣￖﾹﾹﾥﾻ￷ 
[6648][2017-03-18 13:17:55] ￍﾣￖﾹﾹﾥﾻ￷ 
[6648][2017-03-18 13:17:57]cancel attack
[6648][2017-03-18 13:17:57]cancel attack
[6648][2017-03-18 13:17:58]cancel attack
[6648][2017-03-18 13:17:59]cancel attack
[6648][2017-03-18 13:18:00]cancel attack
[6648][2017-03-18 13:18:05]cancel attack
[6648][2017-03-18 13:18:07]cancel attack
[6648][2017-03-18 13:18:09]cancel attack
[6648][2017-03-18 13:18:10] ￍﾣￖﾹﾹﾥﾻ￷ 
[6648][2017-03-18 13:18:10] ￍﾣￖﾹﾹﾥﾻ￷ 
[6648][2017-03-18 13:18:10] ￍﾣￖﾹﾹﾥﾻ￷ 
[6648][2017-03-18 13:18:10] ￍﾣￖﾹﾹﾥﾻ￷ 
[6648][2017-03-18 13:18:10] ￍﾣￖﾹﾹﾥﾻ￷ 
[6648][2017-03-18 13:18:10] ￍﾣￖﾹﾹﾥﾻ￷ 
[6648][2017-03-18 13:18:10] ￍﾣￖﾹﾹﾥﾻ￷ 
[6648][2017-03-18 13:18:55] ￍﾣￖﾹﾹﾥﾻ￷ 
[6648][2017-03-18 13:18:55] ￍﾣￖﾹﾹﾥﾻ￷ 
[6648][2017-03-18 13:18:55] ￍﾣￖﾹﾹﾥﾻ￷ 
[6648][2017-03-18 13:18:55] ￍﾣￖﾹﾹﾥﾻ￷ 
[6648][2017-03-18 13:18:55] ￍﾣￖﾹﾹﾥﾻ￷ 
[6648][2017-03-18 13:18:55] ￍﾣￖﾹﾹﾥﾻ￷ 
[6648][2017-03-18 13:18:55] ￍﾣￖﾹﾹﾥﾻ￷ 
[6648][2017-03-18 13:18:56]cancel attack
[6648][2017-03-18 13:18:57]cancel attack
[6648][2017-03-18 13:18:58]cancel attack
[6648][2017-03-18 13:18:59]cancel attack
[6648][2017-03-18 13:19:00] ￍﾣￖﾹﾹﾥﾻ￷ 
[6648][2017-03-18 13:19:00] ￍﾣￖﾹﾹﾥﾻ￷ 
[6648][2017-03-18 13:19:00] ￍﾣￖﾹﾹﾥﾻ￷ 
[6648][2017-03-18 13:19:00] ￍﾣￖﾹﾹﾥﾻ￷ 
[6648][2017-03-18 13:19:00] ￍﾣￖﾹﾹﾥﾻ￷ 
[6648][2017-03-18 13:19:00] ￍﾣￖﾹﾹﾥﾻ￷ 
[6648][2017-03-18 13:19:00] ￍﾣￖﾹﾹﾥﾻ￷ 
[6648][2017-03-18 13:19:04]---EXP gained[982]---
[6648][2017-03-18 13:19:04]---ot(*) exit game---
[346C][2017-03-18 13:19:33]
[346C][2017-03-18 13:19:33]<Hackmap>: Payallmoney's Map 1.0 ,  base on virgol (4.6) installed.
[346C][2017-03-18 13:21:20] stop attck 
[346C][2017-03-18 13:21:20] stop attck 
[346C][2017-03-18 13:21:20] stop attck 
[346C][2017-03-18 13:21:20] stop attck 
[346C][2017-03-18 13:21:20] stop attck 
[346C][2017-03-18 13:21:20] stop attck 
[346C][2017-03-18 13:21:20] stop attck 
[346C][2017-03-18 13:21:21]cancel attack
[346C][2017-03-18 13:21:22]cancel attack
[346C][2017-03-18 13:21:22]cancel attack
[346C][2017-03-18 13:21:24]cancel attack
[346C][2017-03-18 13:21:25]cancel attack
[346C][2017-03-18 13:21:26]cancel attack
[346C][2017-03-18 13:21:27] stop attck 
[346C][2017-03-18 13:21:27] stop attck 
[346C][2017-03-18 13:21:27] stop attck 
[346C][2017-03-18 13:21:27] stop attck 
[346C][2017-03-18 13:21:27] stop attck 
[346C][2017-03-18 13:21:27] stop attck 
[346C][2017-03-18 13:21:27] stop attck 
[346C][2017-03-18 13:21:36] stop attck 
[346C][2017-03-18 13:21:36] stop attck 
[346C][2017-03-18 13:21:36] stop attck 
[346C][2017-03-18 13:21:36] stop attck 
[346C][2017-03-18 13:21:36] stop attck 
[346C][2017-03-18 13:21:36] stop attck 
[346C][2017-03-18 13:21:36] stop attck 
[346C][2017-03-18 13:21:37]cancel attack
[346C][2017-03-18 13:21:38]cancel attack
[346C][2017-03-18 13:21:39]cancel attack
[346C][2017-03-18 13:21:40]cancel attack
[346C][2017-03-18 13:21:42] stop attck 
[346C][2017-03-18 13:21:42] stop attck 
[346C][2017-03-18 13:21:42] stop attck 
[346C][2017-03-18 13:21:42] stop attck 
[346C][2017-03-18 13:21:42] stop attck 
[346C][2017-03-18 13:21:42] stop attck 
[346C][2017-03-18 13:21:42] stop attck 
[346C][2017-03-18 13:21:44] stop attck 
[346C][2017-03-18 13:21:44] stop attck 
[346C][2017-03-18 13:21:44] stop attck 
[346C][2017-03-18 13:21:44] stop attck 
[346C][2017-03-18 13:21:44] stop attck 
[346C][2017-03-18 13:21:44] stop attck 
[346C][2017-03-18 13:21:44] stop attck 
[346C][2017-03-18 13:21:44]cancel attack
[346C][2017-03-18 13:21:46]cancel attack
[346C][2017-03-18 13:21:47]cancel attack
[346C][2017-03-18 13:21:48]cancel attack
[346C][2017-03-18 13:21:49]cancel attack
[346C][2017-03-18 13:21:51]cancel attack
[346C][2017-03-18 13:21:52] stop attck 
[346C][2017-03-18 13:21:52] stop attck 
[346C][2017-03-18 13:21:52] stop attck 
[346C][2017-03-18 13:21:52] stop attck 
[346C][2017-03-18 13:21:52] stop attck 
[346C][2017-03-18 13:21:52] stop attck 
[346C][2017-03-18 13:21:52] stop attck 
[346C][2017-03-18 13:21:55] stop attck 
[346C][2017-03-18 13:21:55] stop attck 
[346C][2017-03-18 13:21:55] stop attck 
[346C][2017-03-18 13:21:55] stop attck 
[346C][2017-03-18 13:21:55] stop attck 
[346C][2017-03-18 13:21:55] stop attck 
[346C][2017-03-18 13:21:55] stop attck 
[346C][2017-03-18 13:21:56]cancel attack
[346C][2017-03-18 13:21:57]cancel attack
[346C][2017-03-18 13:21:59]cancel attack
[346C][2017-03-18 13:22:01]---EXP gained[657]---
[346C][2017-03-18 13:22:01]---ot(*) exit game---
[1198][2017-03-18 13:28:23]
[1198][2017-03-18 13:28:23]<Hackmap>: Payallmoney's Map 1.0 ,  base on virgol (4.6) installed.
[1198][2017-03-18 13:28:24]<Hackmap>: Mouse Scroll Map Toggle off.
[1198][2017-03-18 13:28:26]<Hackmap>: Mouse Scroll Map Toggle on.
[1198][2017-03-18 13:28:27]<Hackmap>: Switch Mouse Scroll Mode  2 to 1
[1198][2017-03-18 13:28:35]<Hackmap>: Switch Mouse Scroll Mode  1 to 2
[1198][2017-03-18 13:28:44]---EXP gained[0]---
[1198][2017-03-18 13:28:44]---ot(*) exit game---
